09:11:34.199 INFO - Launching a standalone Selenium Server
Setting system property webdriver.chrome.driver to bin/chromedriver.exe
09:11:34.240 INFO - Java: Oracle Corporation 24.85-b03
09:11:34.240 INFO - OS: Linux 4.2.0-18-generic amd64
09:11:34.257 INFO - v2.48.0, with Core v2.48.0. Built from revision 41bccdd
09:11:34.332 INFO - Driver provider org.openqa.selenium.ie.InternetExplorerDriver registration is skipped:
registration capabilities Capabilities [{platform=WINDOWS, ensureCleanSession=true, browserName=internet explorer, version=}] does not match the current platform LINUX
09:11:34.332 INFO - Driver provider org.openqa.selenium.edge.EdgeDriver registration is skipped:
registration capabilities Capabilities [{platform=WINDOWS, browserName=MicrosoftEdge, version=}] does not match the current platform LINUX
09:11:34.332 INFO - Driver class not found: com.opera.core.systems.OperaDriver
09:11:34.332 INFO - Driver provider com.opera.core.systems.OperaDriver is not registered
09:11:34.399 INFO - RemoteWebDriver instances should connect to: http://127.0.0.1:4444/wd/hub
09:11:34.399 INFO - Selenium Server is up and running
09:11:34.636 INFO - Executing: [new session: Capabilities [{platform=ANY, acceptSslCerts=true, javascriptEnabled=true, browserName=firefox, name=Comparison / Body Compare}]])
09:11:34.646 INFO - Creating a new session for Capabilities [{platform=ANY, acceptSslCerts=true, javascriptEnabled=true, browserName=firefox, name=Comparison / Body Compare}]
09:11:37.725 INFO - Done: [new session: Capabilities [{platform=ANY, acceptSslCerts=true, javascriptEnabled=true, browserName=firefox, name=Comparison / Body Compare}]]
09:11:37.749 INFO - Executing: [get: https://aoda.web.uoguelph.ca/aodademo/listing-page-people-profiles])
09:11:37.990 INFO - Done: [get: https://aoda.web.uoguelph.ca/aodademo/listing-page-people-profiles]
09:11:38.006 INFO - Executing: [get current url])
09:11:40.117 INFO - Done: [get current url]
09:11:40.126 INFO - Executing: [find elements: By.xpath: //body])
09:11:40.287 INFO - Done: [find elements: By.xpath: //body]
09:11:40.293 INFO - Executing: [is displayed: 0 [[FirefoxDriver: firefox on LINUX (5150ac30-7fb3-4e56-87e3-90fdae0cf9df)] -> xpath: //body]])
09:11:40.308 INFO - Done: [is displayed: 0 [[FirefoxDriver: firefox on LINUX (5150ac30-7fb3-4e56-87e3-90fdae0cf9df)] -> xpath: //body]]
09:11:40.322 INFO - Executing: [find elements: By.xpath: //div[@class='field-item even']])
09:11:40.350 INFO - Done: [find elements: By.xpath: //div[@class='field-item even']]
09:11:40.353 INFO - Executing: [is displayed: 1 [[FirefoxDriver: firefox on LINUX (5150ac30-7fb3-4e56-87e3-90fdae0cf9df)] -> xpath: //div[@class='field-item even']]])
09:11:40.375 INFO - Done: [is displayed: 1 [[FirefoxDriver: firefox on LINUX (5150ac30-7fb3-4e56-87e3-90fdae0cf9df)] -> xpath: //div[@class='field-item even']]]
09:11:40.380 INFO - Executing: [find element: By.xpath: //div[@class='field-item even']])
09:11:40.396 INFO - Done: [find element: By.xpath: //div[@class='field-item even']]
09:11:40.399 INFO - Executing: [get text: 1 [[FirefoxDriver: firefox on LINUX (5150ac30-7fb3-4e56-87e3-90fdae0cf9df)] -> xpath: //div[@class='field-item even']]])
09:11:40.876 INFO - Done: [get text: 1 [[FirefoxDriver: firefox on LINUX (5150ac30-7fb3-4e56-87e3-90fdae0cf9df)] -> xpath: //div[@class='field-item even']]]
09:11:40.882 INFO - Executing: [execute script: var passedArgs = Array.prototype.slice.call(arguments,0); return function () {
        return document.querySelector(".field-item.even").innerHTML;
      }.apply(window, passedArgs);, []])
09:11:40.894 INFO - Done: [execute script: var passedArgs = Array.prototype.slice.call(arguments,0); return function () {
        return document.querySelector(".field-item.even").innerHTML;
      }.apply(window, passedArgs);, []]
09:11:40.915 INFO - Executing: [get: https://aoda.web.uoguelph.ca/aodademo/listing-pages])
09:11:41.799 INFO - Done: [get: https://aoda.web.uoguelph.ca/aodademo/listing-pages]
09:11:42.809 INFO - Executing: [get current url])
09:11:42.822 INFO - Done: [get current url]
09:11:42.832 INFO - Executing: [find elements: By.xpath: //body])
09:11:42.854 INFO - Done: [find elements: By.xpath: //body]
09:11:42.858 INFO - Executing: [is displayed: 2 [[FirefoxDriver: firefox on LINUX (5150ac30-7fb3-4e56-87e3-90fdae0cf9df)] -> xpath: //body]])
09:11:42.865 INFO - Done: [is displayed: 2 [[FirefoxDriver: firefox on LINUX (5150ac30-7fb3-4e56-87e3-90fdae0cf9df)] -> xpath: //body]]
09:11:42.870 INFO - Executing: [find elements: By.xpath: //div[@class='field-item even']])
09:11:42.884 INFO - Done: [find elements: By.xpath: //div[@class='field-item even']]
09:11:42.889 INFO - Executing: [is displayed: 3 [[FirefoxDriver: firefox on LINUX (5150ac30-7fb3-4e56-87e3-90fdae0cf9df)] -> xpath: //div[@class='field-item even']]])
09:11:42.908 INFO - Done: [is displayed: 3 [[FirefoxDriver: firefox on LINUX (5150ac30-7fb3-4e56-87e3-90fdae0cf9df)] -> xpath: //div[@class='field-item even']]]
09:11:42.922 INFO - Executing: [find element: By.xpath: //div[@class='field-item even']])
09:11:42.961 INFO - Done: [find element: By.xpath: //div[@class='field-item even']]
09:11:42.964 INFO - Executing: [get text: 3 [[FirefoxDriver: firefox on LINUX (5150ac30-7fb3-4e56-87e3-90fdae0cf9df)] -> xpath: //div[@class='field-item even']]])
09:11:42.995 INFO - Done: [get text: 3 [[FirefoxDriver: firefox on LINUX (5150ac30-7fb3-4e56-87e3-90fdae0cf9df)] -> xpath: //div[@class='field-item even']]]
09:11:43.001 INFO - Executing: [delete session: 382fac69-ac2f-4e0f-8433-57f50dae7bb5])
09:11:43.076 INFO - Done: [delete session: 382fac69-ac2f-4e0f-8433-57f50dae7bb5]
09:11:43.199 INFO - Executing: [new session: Capabilities [{platform=ANY, acceptSslCerts=true, javascriptEnabled=true, browserName=firefox, name=Comparison / Breadcrumb}]])
09:11:43.203 INFO - Creating a new session for Capabilities [{platform=ANY, acceptSslCerts=true, javascriptEnabled=true, browserName=firefox, name=Comparison / Breadcrumb}]
09:11:45.538 INFO - Done: [new session: Capabilities [{platform=ANY, acceptSslCerts=true, javascriptEnabled=true, browserName=firefox, name=Comparison / Breadcrumb}]]
09:11:45.544 INFO - Executing: [get: https://aoda.web.uoguelph.ca/aodademo/listing-page-people-profiles])
09:11:45.676 INFO - Done: [get: https://aoda.web.uoguelph.ca/aodademo/listing-page-people-profiles]
09:11:45.681 INFO - Executing: [get current url])
09:11:47.696 INFO - Done: [get current url]
09:11:47.701 INFO - Executing: [find elements: By.xpath: //body])
09:11:47.804 INFO - Done: [find elements: By.xpath: //body]
09:11:47.808 INFO - Executing: [is displayed: 0 [[FirefoxDriver: firefox on LINUX (4ecb4587-06ed-48c7-b2a7-eded4b248ccc)] -> xpath: //body]])
09:11:47.824 INFO - Done: [is displayed: 0 [[FirefoxDriver: firefox on LINUX (4ecb4587-06ed-48c7-b2a7-eded4b248ccc)] -> xpath: //body]]
09:11:47.829 INFO - Executing: [execute script: var passedArgs = Array.prototype.slice.call(arguments,0); return function () {
        return document.querySelectorAll("ol[class='breadcrumb'] li").length;
      }.apply(window, passedArgs);, []])
09:11:47.849 INFO - Done: [execute script: var passedArgs = Array.prototype.slice.call(arguments,0); return function () {
        return document.querySelectorAll("ol[class='breadcrumb'] li").length;
      }.apply(window, passedArgs);, []]
09:11:47.854 INFO - Executing: [find element: By.cssSelector: ol[class='breadcrumb'] li:nth-child(1)])
09:11:47.875 INFO - Done: [find element: By.cssSelector: ol[class='breadcrumb'] li:nth-child(1)]
09:11:47.878 INFO - Executing: [get text: 1 [[FirefoxDriver: firefox on LINUX (4ecb4587-06ed-48c7-b2a7-eded4b248ccc)] -> css selector: ol[class='breadcrumb'] li:nth-child(1)]])
09:11:47.895 INFO - Done: [get text: 1 [[FirefoxDriver: firefox on LINUX (4ecb4587-06ed-48c7-b2a7-eded4b248ccc)] -> css selector: ol[class='breadcrumb'] li:nth-child(1)]]
09:11:47.898 INFO - Executing: [find element: By.cssSelector: ol[class='breadcrumb'] li:nth-child(2)])
09:11:47.915 INFO - Done: [find element: By.cssSelector: ol[class='breadcrumb'] li:nth-child(2)]
09:11:47.918 INFO - Executing: [get text: 2 [[FirefoxDriver: firefox on LINUX (4ecb4587-06ed-48c7-b2a7-eded4b248ccc)] -> css selector: ol[class='breadcrumb'] li:nth-child(2)]])
09:11:47.947 INFO - Done: [get text: 2 [[FirefoxDriver: firefox on LINUX (4ecb4587-06ed-48c7-b2a7-eded4b248ccc)] -> css selector: ol[class='breadcrumb'] li:nth-child(2)]]
09:11:47.953 INFO - Executing: [get: https://aoda.web.uoguelph.ca/aodademo/listing-pages])
09:11:48.778 INFO - Done: [get: https://aoda.web.uoguelph.ca/aodademo/listing-pages]
09:11:48.782 INFO - Executing: [execute script: var passedArgs = Array.prototype.slice.call(arguments,0); return function () {
        return document.querySelectorAll("ol[class='breadcrumb'] li").length;
      }.apply(window, passedArgs);, []])
09:11:48.805 INFO - Done: [execute script: var passedArgs = Array.prototype.slice.call(arguments,0); return function () {
        return document.querySelectorAll("ol[class='breadcrumb'] li").length;
      }.apply(window, passedArgs);, []]
09:11:48.812 INFO - Executing: [delete session: 28de8719-dbac-4f68-b288-f409abe024c2])
09:11:48.908 INFO - Done: [delete session: 28de8719-dbac-4f68-b288-f409abe024c2]
09:11:49.025 INFO - Executing: [new session: Capabilities [{platform=ANY, acceptSslCerts=true, javascriptEnabled=true, browserName=firefox, name=Comparison / Breadcrumb Enhanced}]])
09:11:49.028 INFO - Creating a new session for Capabilities [{platform=ANY, acceptSslCerts=true, javascriptEnabled=true, browserName=firefox, name=Comparison / Breadcrumb Enhanced}]
09:11:51.534 INFO - Done: [new session: Capabilities [{platform=ANY, acceptSslCerts=true, javascriptEnabled=true, browserName=firefox, name=Comparison / Breadcrumb Enhanced}]]
09:11:51.541 INFO - Executing: [get: https://aoda.web.uoguelph.ca/aodademo/listing-page-people-profiles])
09:11:51.697 INFO - Done: [get: https://aoda.web.uoguelph.ca/aodademo/listing-page-people-profiles]
09:11:51.701 INFO - Executing: [get current url])
09:11:53.833 INFO - Done: [get current url]
09:11:53.837 INFO - Executing: [find elements: By.xpath: //body])
09:11:53.942 INFO - Done: [find elements: By.xpath: //body]
09:11:53.944 INFO - Executing: [is displayed: 0 [[FirefoxDriver: firefox on LINUX (5fa6ca7d-1fc3-4fd3-a5ff-c28fba9a1162)] -> xpath: //body]])
09:11:53.958 INFO - Done: [is displayed: 0 [[FirefoxDriver: firefox on LINUX (5fa6ca7d-1fc3-4fd3-a5ff-c28fba9a1162)] -> xpath: //body]]
09:11:53.962 INFO - Executing: [execute script: var passedArgs = Array.prototype.slice.call(arguments,0); return function () {
        return document.querySelectorAll("ol[class='breadcrumb'] li").length;
      }.apply(window, passedArgs);, []])
09:11:53.984 INFO - Done: [execute script: var passedArgs = Array.prototype.slice.call(arguments,0); return function () {
        return document.querySelectorAll("ol[class='breadcrumb'] li").length;
      }.apply(window, passedArgs);, []]
09:11:53.989 INFO - Executing: [find element: By.cssSelector: ol[class='breadcrumb'] li:nth-child(1)])
09:11:53.998 INFO - Done: [find element: By.cssSelector: ol[class='breadcrumb'] li:nth-child(1)]
09:11:54.001 INFO - Executing: [get text: 1 [[FirefoxDriver: firefox on LINUX (5fa6ca7d-1fc3-4fd3-a5ff-c28fba9a1162)] -> css selector: ol[class='breadcrumb'] li:nth-child(1)]])
09:11:54.065 INFO - Done: [get text: 1 [[FirefoxDriver: firefox on LINUX (5fa6ca7d-1fc3-4fd3-a5ff-c28fba9a1162)] -> css selector: ol[class='breadcrumb'] li:nth-child(1)]]
09:11:54.069 INFO - Executing: [find element: By.cssSelector: ol[class='breadcrumb'] li:nth-child(2)])
09:11:54.083 INFO - Done: [find element: By.cssSelector: ol[class='breadcrumb'] li:nth-child(2)]
09:11:54.085 INFO - Executing: [get text: 2 [[FirefoxDriver: firefox on LINUX (5fa6ca7d-1fc3-4fd3-a5ff-c28fba9a1162)] -> css selector: ol[class='breadcrumb'] li:nth-child(2)]])
09:11:54.122 INFO - Done: [get text: 2 [[FirefoxDriver: firefox on LINUX (5fa6ca7d-1fc3-4fd3-a5ff-c28fba9a1162)] -> css selector: ol[class='breadcrumb'] li:nth-child(2)]]
09:11:54.126 INFO - Executing: [find element: By.cssSelector: ol[class='breadcrumb'] li:nth-child(1) a])
09:11:54.146 INFO - Done: [find element: By.cssSelector: ol[class='breadcrumb'] li:nth-child(1) a]
09:11:54.149 INFO - Executing: [get element attribute: 3 [[FirefoxDriver: firefox on LINUX (5fa6ca7d-1fc3-4fd3-a5ff-c28fba9a1162)] -> css selector: ol[class='breadcrumb'] li:nth-child(1) a], href])
09:11:54.164 INFO - Done: [get element attribute: 3 [[FirefoxDriver: firefox on LINUX (5fa6ca7d-1fc3-4fd3-a5ff-c28fba9a1162)] -> css selector: ol[class='breadcrumb'] li:nth-child(1) a], href]
09:11:54.169 INFO - Executing: [find element: By.cssSelector: ol[class='breadcrumb'] li:nth-child(2) a])
09:11:54.189 INFO - Done: [find element: By.cssSelector: ol[class='breadcrumb'] li:nth-child(2) a]
09:11:54.192 INFO - Executing: [get element attribute: 4 [[FirefoxDriver: firefox on LINUX (5fa6ca7d-1fc3-4fd3-a5ff-c28fba9a1162)] -> css selector: ol[class='breadcrumb'] li:nth-child(2) a], href])
09:11:54.205 INFO - Done: [get element attribute: 4 [[FirefoxDriver: firefox on LINUX (5fa6ca7d-1fc3-4fd3-a5ff-c28fba9a1162)] -> css selector: ol[class='breadcrumb'] li:nth-child(2) a], href]
09:11:54.210 INFO - Executing: [get: https://aoda.web.uoguelph.ca/aodademo/listing-pages])
09:11:55.108 INFO - Done: [get: https://aoda.web.uoguelph.ca/aodademo/listing-pages]
09:11:55.113 INFO - Executing: [get current url])
09:11:55.132 INFO - Done: [get current url]
09:11:55.135 INFO - Executing: [find elements: By.xpath: //body])
09:11:55.185 INFO - Done: [find elements: By.xpath: //body]
09:11:55.193 INFO - Executing: [is displayed: 5 [[FirefoxDriver: firefox on LINUX (5fa6ca7d-1fc3-4fd3-a5ff-c28fba9a1162)] -> xpath: //body]])
09:11:55.206 INFO - Done: [is displayed: 5 [[FirefoxDriver: firefox on LINUX (5fa6ca7d-1fc3-4fd3-a5ff-c28fba9a1162)] -> xpath: //body]]
09:11:55.210 INFO - Executing: [execute script: var passedArgs = Array.prototype.slice.call(arguments,0); return function () {
        return document.querySelectorAll("ol[class='breadcrumb'] li").length;
      }.apply(window, passedArgs);, []])
09:11:55.226 INFO - Done: [execute script: var passedArgs = Array.prototype.slice.call(arguments,0); return function () {
        return document.querySelectorAll("ol[class='breadcrumb'] li").length;
      }.apply(window, passedArgs);, []]
09:11:55.229 INFO - Executing: [delete session: dc37096a-35b3-4915-a4df-6053e520d983])
09:11:55.320 INFO - Done: [delete session: dc37096a-35b3-4915-a4df-6053e520d983]
09:11:55.450 INFO - Executing: [new session: Capabilities [{platform=ANY, acceptSslCerts=true, javascriptEnabled=true, browserName=firefox, name=Comparison / Brokenlinks}]])
09:11:55.451 INFO - Creating a new session for Capabilities [{platform=ANY, acceptSslCerts=true, javascriptEnabled=true, browserName=firefox, name=Comparison / Brokenlinks}]
09:11:57.749 INFO - Done: [new session: Capabilities [{platform=ANY, acceptSslCerts=true, javascriptEnabled=true, browserName=firefox, name=Comparison / Brokenlinks}]]
09:11:57.754 INFO - Executing: [get: https://aoda.web.uoguelph.ca/aodademo/listing-page-people-profiles])
09:11:57.901 INFO - Done: [get: https://aoda.web.uoguelph.ca/aodademo/listing-page-people-profiles]
09:11:57.904 INFO - Executing: [get current url])
09:11:59.768 INFO - Done: [get current url]
09:11:59.774 INFO - Executing: [find elements: By.cssSelector: body])
09:11:59.872 INFO - Done: [find elements: By.cssSelector: body]
09:11:59.875 INFO - Executing: [is displayed: 0 [[FirefoxDriver: firefox on LINUX (5ac142b8-6cb5-4610-98a1-75279a38d4c5)] -> css selector: body]])
09:11:59.885 INFO - Done: [is displayed: 0 [[FirefoxDriver: firefox on LINUX (5ac142b8-6cb5-4610-98a1-75279a38d4c5)] -> css selector: body]]
09:11:59.893 INFO - Executing: [find elements: By.cssSelector: div.field-item.even a])
09:11:59.979 INFO - Done: [find elements: By.cssSelector: div.field-item.even a]
09:11:59.985 INFO - Executing: [get element attribute: 1 [[FirefoxDriver: firefox on LINUX (5ac142b8-6cb5-4610-98a1-75279a38d4c5)] -> css selector: div.field-item.even a], href])
09:12:00.003 INFO - Done: [get element attribute: 1 [[FirefoxDriver: firefox on LINUX (5ac142b8-6cb5-4610-98a1-75279a38d4c5)] -> css selector: div.field-item.even a], href]
09:12:00.006 INFO - Executing: [get element attribute: 2 [[FirefoxDriver: firefox on LINUX (5ac142b8-6cb5-4610-98a1-75279a38d4c5)] -> css selector: div.field-item.even a], href])
09:12:00.017 INFO - Done: [get element attribute: 2 [[FirefoxDriver: firefox on LINUX (5ac142b8-6cb5-4610-98a1-75279a38d4c5)] -> css selector: div.field-item.even a], href]
09:12:00.024 INFO - Executing: [get element attribute: 3 [[FirefoxDriver: firefox on LINUX (5ac142b8-6cb5-4610-98a1-75279a38d4c5)] -> css selector: div.field-item.even a], href])
09:12:00.039 INFO - Done: [get element attribute: 3 [[FirefoxDriver: firefox on LINUX (5ac142b8-6cb5-4610-98a1-75279a38d4c5)] -> css selector: div.field-item.even a], href]
09:12:00.042 INFO - Executing: [get element attribute: 4 [[FirefoxDriver: firefox on LINUX (5ac142b8-6cb5-4610-98a1-75279a38d4c5)] -> css selector: div.field-item.even a], href])
09:12:00.057 INFO - Done: [get element attribute: 4 [[FirefoxDriver: firefox on LINUX (5ac142b8-6cb5-4610-98a1-75279a38d4c5)] -> css selector: div.field-item.even a], href]
09:12:00.059 INFO - Executing: [get element attribute: 5 [[FirefoxDriver: firefox on LINUX (5ac142b8-6cb5-4610-98a1-75279a38d4c5)] -> css selector: div.field-item.even a], href])
09:12:00.094 INFO - Done: [get element attribute: 5 [[FirefoxDriver: firefox on LINUX (5ac142b8-6cb5-4610-98a1-75279a38d4c5)] -> css selector: div.field-item.even a], href]
09:12:00.098 INFO - Executing: [get element attribute: 6 [[FirefoxDriver: firefox on LINUX (5ac142b8-6cb5-4610-98a1-75279a38d4c5)] -> css selector: div.field-item.even a], href])
09:12:00.110 INFO - Done: [get element attribute: 6 [[FirefoxDriver: firefox on LINUX (5ac142b8-6cb5-4610-98a1-75279a38d4c5)] -> css selector: div.field-item.even a], href]
09:12:00.112 INFO - Executing: [get element attribute: 7 [[FirefoxDriver: firefox on LINUX (5ac142b8-6cb5-4610-98a1-75279a38d4c5)] -> css selector: div.field-item.even a], href])
09:12:00.126 INFO - Done: [get element attribute: 7 [[FirefoxDriver: firefox on LINUX (5ac142b8-6cb5-4610-98a1-75279a38d4c5)] -> css selector: div.field-item.even a], href]
09:12:00.130 INFO - Executing: [get element attribute: 8 [[FirefoxDriver: firefox on LINUX (5ac142b8-6cb5-4610-98a1-75279a38d4c5)] -> css selector: div.field-item.even a], href])
09:12:00.147 INFO - Done: [get element attribute: 8 [[FirefoxDriver: firefox on LINUX (5ac142b8-6cb5-4610-98a1-75279a38d4c5)] -> css selector: div.field-item.even a], href]
09:12:00.150 INFO - Executing: [get element attribute: 9 [[FirefoxDriver: firefox on LINUX (5ac142b8-6cb5-4610-98a1-75279a38d4c5)] -> css selector: div.field-item.even a], href])
09:12:00.167 INFO - Done: [get element attribute: 9 [[FirefoxDriver: firefox on LINUX (5ac142b8-6cb5-4610-98a1-75279a38d4c5)] -> css selector: div.field-item.even a], href]
09:12:00.169 INFO - Executing: [get element attribute: 10 [[FirefoxDriver: firefox on LINUX (5ac142b8-6cb5-4610-98a1-75279a38d4c5)] -> css selector: div.field-item.even a], href])
09:12:00.192 INFO - Done: [get element attribute: 10 [[FirefoxDriver: firefox on LINUX (5ac142b8-6cb5-4610-98a1-75279a38d4c5)] -> css selector: div.field-item.even a], href]
09:12:00.195 INFO - Executing: [get element attribute: 11 [[FirefoxDriver: firefox on LINUX (5ac142b8-6cb5-4610-98a1-75279a38d4c5)] -> css selector: div.field-item.even a], href])
09:12:00.210 INFO - Done: [get element attribute: 11 [[FirefoxDriver: firefox on LINUX (5ac142b8-6cb5-4610-98a1-75279a38d4c5)] -> css selector: div.field-item.even a], href]
09:12:00.213 INFO - Executing: [get element attribute: 12 [[FirefoxDriver: firefox on LINUX (5ac142b8-6cb5-4610-98a1-75279a38d4c5)] -> css selector: div.field-item.even a], href])
09:12:00.231 INFO - Done: [get element attribute: 12 [[FirefoxDriver: firefox on LINUX (5ac142b8-6cb5-4610-98a1-75279a38d4c5)] -> css selector: div.field-item.even a], href]
09:12:00.235 INFO - Executing: [get element attribute: 13 [[FirefoxDriver: firefox on LINUX (5ac142b8-6cb5-4610-98a1-75279a38d4c5)] -> css selector: div.field-item.even a], href])
09:12:00.252 INFO - Done: [get element attribute: 13 [[FirefoxDriver: firefox on LINUX (5ac142b8-6cb5-4610-98a1-75279a38d4c5)] -> css selector: div.field-item.even a], href]
09:12:00.273 INFO - Executing: [find element: By.cssSelector: div.field-item.even a[href='https://aoda.web.uoguelph.ca/aodademo/listing-page-people-profiles#']])
09:12:00.856 WARN - Exception thrown
org.openqa.selenium.NoSuchElementException: Unable to locate element: {"method":"css selector","selector":"div.field-item.even a[href='https://aoda.web.uoguelph.ca/aodademo/listing-page-people-profiles#']"}
Command duration or timeout: 13 milliseconds
For documentation on this error, please visit: http://seleniumhq.org/exceptions/no_such_element.html
Build info: version: '2.48.2', revision: '41bccdd', time: '2015-10-09 19:59:12'
System info: host: 'autobox-VirtualBox', ip: '127.0.1.1', os.name: 'Linux', os.arch: 'amd64', os.version: '4.2.0-18-generic', java.version: '1.7.0_85'
*** Element info: {Using=css selector, value=div.field-item.even a[href='https://aoda.web.uoguelph.ca/aodademo/listing-page-people-profiles#']}
Session ID: 5ac142b8-6cb5-4610-98a1-75279a38d4c5
Driver info: org.openqa.selenium.firefox.FirefoxDriver
Capabilities [{platform=LINUX, acceptSslCerts=true, javascriptEnabled=true, cssSelectorsEnabled=true, databaseEnabled=true, browserName=firefox, handlesAlerts=true, nativeEvents=false, webStorageEnabled=true, rotatable=false, locationContextEnabled=true, applicationCacheEnabled=true, takesScreenshot=true, version=42.0}]
	at sun.reflect.NativeConstructorAccessorImpl.newInstance0(Native Method)
	at sun.reflect.NativeConstructorAccessorImpl.newInstance(NativeConstructorAccessorImpl.java:57)
	at sun.reflect.DelegatingConstructorAccessorImpl.newInstance(DelegatingConstructorAccessorImpl.java:45)
	at java.lang.reflect.Constructor.newInstance(Constructor.java:526)
	at org.openqa.selenium.remote.ErrorHandler.createThrowable(ErrorHandler.java:206)
	at org.openqa.selenium.remote.ErrorHandler.throwIfResponseFailed(ErrorHandler.java:158)
	at org.openqa.selenium.remote.RemoteWebDriver.execute(RemoteWebDriver.java:647)
	at org.openqa.selenium.remote.RemoteWebDriver.findElement(RemoteWebDriver.java:353)
	at org.openqa.selenium.remote.RemoteWebDriver.findElementByCssSelector(RemoteWebDriver.java:482)
	at org.openqa.selenium.By$ByCssSelector.findElement(By.java:430)
	at org.openqa.selenium.remote.RemoteWebDriver.findElement(RemoteWebDriver.java:345)
	at sun.reflect.NativeMethodAccessorImpl.invoke0(Native Method)
	at sun.reflect.NativeMethodAccessorImpl.invoke(NativeMethodAccessorImpl.java:57)
	at sun.reflect.DelegatingMethodAccessorImpl.invoke(DelegatingMethodAccessorImpl.java:43)
	at java.lang.reflect.Method.invoke(Method.java:606)
	at org.openqa.selenium.support.events.EventFiringWebDriver$2.invoke(EventFiringWebDriver.java:102)
	at com.sun.proxy.$Proxy1.findElement(Unknown Source)
	at org.openqa.selenium.support.events.EventFiringWebDriver.findElement(EventFiringWebDriver.java:187)
	at org.openqa.selenium.remote.server.handler.FindElement.call(FindElement.java:48)
	at org.openqa.selenium.remote.server.handler.FindElement.call(FindElement.java:1)
	at java.util.concurrent.FutureTask.run(FutureTask.java:262)
	at org.openqa.selenium.remote.server.DefaultSession$1.run(DefaultSession.java:176)
	at java.util.concurrent.ThreadPoolExecutor.runWorker(ThreadPoolExecutor.java:1145)
	at java.util.concurrent.ThreadPoolExecutor$Worker.run(ThreadPoolExecutor.java:615)
	at java.lang.Thread.run(Thread.java:745)
Caused by: org.openqa.selenium.NoSuchElementException: Unable to locate element: {"method":"css selector","selector":"div.field-item.even a[href='https://aoda.web.uoguelph.ca/aodademo/listing-page-people-profiles#']"}
For documentation on this error, please visit: http://seleniumhq.org/exceptions/no_such_element.html
Build info: version: '2.48.2', revision: '41bccdd', time: '2015-10-09 19:59:12'
System info: host: 'autobox-VirtualBox', ip: '127.0.1.1', os.name: 'Linux', os.arch: 'amd64', os.version: '4.2.0-18-generic', java.version: '1.7.0_85'
Driver info: driver.version: unknown
	at <anonymous class>.FirefoxDriver.prototype.findElementInternal_(file:///tmp/anonymous6693958213039018232webdriver-profile/extensions/fxdriver@googlecode.com/components/driver-component.js:10659)
	at <anonymous class>.FirefoxDriver.prototype.findElement(file:///tmp/anonymous6693958213039018232webdriver-profile/extensions/fxdriver@googlecode.com/components/driver-component.js:10668)
	at <anonymous class>.DelayedCommand.prototype.executeInternal_/h(file:///tmp/anonymous6693958213039018232webdriver-profile/extensions/fxdriver@googlecode.com/components/command-processor.js:12534)
	at <anonymous class>.DelayedCommand.prototype.executeInternal_(file:///tmp/anonymous6693958213039018232webdriver-profile/extensions/fxdriver@googlecode.com/components/command-processor.js:12539)
	at <anonymous class>.DelayedCommand.prototype.execute/<(file:///tmp/anonymous6693958213039018232webdriver-profile/extensions/fxdriver@googlecode.com/components/command-processor.js:12481)
09:12:00.862 WARN - Exception: Unable to locate element: {"method":"css selector","selector":"div.field-item.even a[href='https://aoda.web.uoguelph.ca/aodademo/listing-page-people-profiles#']"}
For documentation on this error, please visit: http://seleniumhq.org/exceptions/no_such_element.html
Build info: version: '2.48.2', revision: '41bccdd', time: '2015-10-09 19:59:12'
System info: host: 'autobox-VirtualBox', ip: '127.0.1.1', os.name: 'Linux', os.arch: 'amd64', os.version: '4.2.0-18-generic', java.version: '1.7.0_85'
Driver info: driver.version: unknown
09:12:01.920 INFO - Executing: [execute script: var passedArgs = Array.prototype.slice.call(arguments,0); return function () {
        return document.querySelector("meta[content='Error Document']");
      }.apply(window, passedArgs);, []])
09:12:01.951 INFO - Done: [execute script: var passedArgs = Array.prototype.slice.call(arguments,0); return function () {
        return document.querySelector("meta[content='Error Document']");
      }.apply(window, passedArgs);, []]
09:12:01.954 INFO - Executing: [get: https://aoda.web.uoguelph.ca/aodademo/listing-pages])
09:12:03.086 INFO - Done: [get: https://aoda.web.uoguelph.ca/aodademo/listing-pages]
09:12:04.091 INFO - Executing: [find element: By.cssSelector: div.field-item.even a[href='https://aoda.web.uoguelph.ca/aodademo/listing-page-people-profiles#']])
09:12:04.417 WARN - Exception thrown
org.openqa.selenium.NoSuchElementException: Unable to locate element: {"method":"css selector","selector":"div.field-item.even a[href='https://aoda.web.uoguelph.ca/aodademo/listing-page-people-profiles#']"}
Command duration or timeout: 11 milliseconds
For documentation on this error, please visit: http://seleniumhq.org/exceptions/no_such_element.html
Build info: version: '2.48.2', revision: '41bccdd', time: '2015-10-09 19:59:12'
System info: host: 'autobox-VirtualBox', ip: '127.0.1.1', os.name: 'Linux', os.arch: 'amd64', os.version: '4.2.0-18-generic', java.version: '1.7.0_85'
*** Element info: {Using=css selector, value=div.field-item.even a[href='https://aoda.web.uoguelph.ca/aodademo/listing-page-people-profiles#']}
Session ID: 5ac142b8-6cb5-4610-98a1-75279a38d4c5
Driver info: org.openqa.selenium.firefox.FirefoxDriver
Capabilities [{platform=LINUX, acceptSslCerts=true, javascriptEnabled=true, cssSelectorsEnabled=true, databaseEnabled=true, browserName=firefox, handlesAlerts=true, nativeEvents=false, webStorageEnabled=true, rotatable=false, locationContextEnabled=true, applicationCacheEnabled=true, takesScreenshot=true, version=42.0}]
	at sun.reflect.NativeConstructorAccessorImpl.newInstance0(Native Method)
	at sun.reflect.NativeConstructorAccessorImpl.newInstance(NativeConstructorAccessorImpl.java:57)
	at sun.reflect.DelegatingConstructorAccessorImpl.newInstance(DelegatingConstructorAccessorImpl.java:45)
	at java.lang.reflect.Constructor.newInstance(Constructor.java:526)
	at org.openqa.selenium.remote.ErrorHandler.createThrowable(ErrorHandler.java:206)
	at org.openqa.selenium.remote.ErrorHandler.throwIfResponseFailed(ErrorHandler.java:158)
	at org.openqa.selenium.remote.RemoteWebDriver.execute(RemoteWebDriver.java:647)
	at org.openqa.selenium.remote.RemoteWebDriver.findElement(RemoteWebDriver.java:353)
	at org.openqa.selenium.remote.RemoteWebDriver.findElementByCssSelector(RemoteWebDriver.java:482)
	at org.openqa.selenium.By$ByCssSelector.findElement(By.java:430)
	at org.openqa.selenium.remote.RemoteWebDriver.findElement(RemoteWebDriver.java:345)
	at sun.reflect.NativeMethodAccessorImpl.invoke0(Native Method)
	at sun.reflect.NativeMethodAccessorImpl.invoke(NativeMethodAccessorImpl.java:57)
	at sun.reflect.DelegatingMethodAccessorImpl.invoke(DelegatingMethodAccessorImpl.java:43)
	at java.lang.reflect.Method.invoke(Method.java:606)
	at org.openqa.selenium.support.events.EventFiringWebDriver$2.invoke(EventFiringWebDriver.java:102)
	at com.sun.proxy.$Proxy1.findElement(Unknown Source)
	at org.openqa.selenium.support.events.EventFiringWebDriver.findElement(EventFiringWebDriver.java:187)
	at org.openqa.selenium.remote.server.handler.FindElement.call(FindElement.java:48)
	at org.openqa.selenium.remote.server.handler.FindElement.call(FindElement.java:1)
	at java.util.concurrent.FutureTask.run(FutureTask.java:262)
	at org.openqa.selenium.remote.server.DefaultSession$1.run(DefaultSession.java:176)
	at java.util.concurrent.ThreadPoolExecutor.runWorker(ThreadPoolExecutor.java:1145)
	at java.util.concurrent.ThreadPoolExecutor$Worker.run(ThreadPoolExecutor.java:615)
	at java.lang.Thread.run(Thread.java:745)
Caused by: org.openqa.selenium.NoSuchElementException: Unable to locate element: {"method":"css selector","selector":"div.field-item.even a[href='https://aoda.web.uoguelph.ca/aodademo/listing-page-people-profiles#']"}
For documentation on this error, please visit: http://seleniumhq.org/exceptions/no_such_element.html
Build info: version: '2.48.2', revision: '41bccdd', time: '2015-10-09 19:59:12'
System info: host: 'autobox-VirtualBox', ip: '127.0.1.1', os.name: 'Linux', os.arch: 'amd64', os.version: '4.2.0-18-generic', java.version: '1.7.0_85'
Driver info: driver.version: unknown
	at <anonymous class>.FirefoxDriver.prototype.findElementInternal_(file:///tmp/anonymous6693958213039018232webdriver-profile/extensions/fxdriver@googlecode.com/components/driver-component.js:10659)
	at <anonymous class>.FirefoxDriver.prototype.findElement(file:///tmp/anonymous6693958213039018232webdriver-profile/extensions/fxdriver@googlecode.com/components/driver-component.js:10668)
	at <anonymous class>.DelayedCommand.prototype.executeInternal_/h(file:///tmp/anonymous6693958213039018232webdriver-profile/extensions/fxdriver@googlecode.com/components/command-processor.js:12534)
	at <anonymous class>.DelayedCommand.prototype.executeInternal_(file:///tmp/anonymous6693958213039018232webdriver-profile/extensions/fxdriver@googlecode.com/components/command-processor.js:12539)
	at <anonymous class>.DelayedCommand.prototype.execute/<(file:///tmp/anonymous6693958213039018232webdriver-profile/extensions/fxdriver@googlecode.com/components/command-processor.js:12481)
09:12:04.418 WARN - Exception: Unable to locate element: {"method":"css selector","selector":"div.field-item.even a[href='https://aoda.web.uoguelph.ca/aodademo/listing-page-people-profiles#']"}
For documentation on this error, please visit: http://seleniumhq.org/exceptions/no_such_element.html
Build info: version: '2.48.2', revision: '41bccdd', time: '2015-10-09 19:59:12'
System info: host: 'autobox-VirtualBox', ip: '127.0.1.1', os.name: 'Linux', os.arch: 'amd64', os.version: '4.2.0-18-generic', java.version: '1.7.0_85'
Driver info: driver.version: unknown
09:12:05.450 INFO - Executing: [execute script: var passedArgs = Array.prototype.slice.call(arguments,0); return function () {
        return document.querySelector("meta[content='Error Document']");
      }.apply(window, passedArgs);, []])
09:12:05.471 INFO - Done: [execute script: var passedArgs = Array.prototype.slice.call(arguments,0); return function () {
        return document.querySelector("meta[content='Error Document']");
      }.apply(window, passedArgs);, []]
09:12:05.477 INFO - Executing: [get: https://aoda.web.uoguelph.ca/aodademo/listing-pages])
09:12:06.403 INFO - Done: [get: https://aoda.web.uoguelph.ca/aodademo/listing-pages]
09:12:07.407 INFO - Executing: [find element: By.cssSelector: div.field-item.even a[href='https://aoda.web.uoguelph.ca/aodademo/listing-page-people-profiles#']])
09:12:07.686 WARN - Exception thrown
org.openqa.selenium.NoSuchElementException: Unable to locate element: {"method":"css selector","selector":"div.field-item.even a[href='https://aoda.web.uoguelph.ca/aodademo/listing-page-people-profiles#']"}
Command duration or timeout: 9 milliseconds
For documentation on this error, please visit: http://seleniumhq.org/exceptions/no_such_element.html
Build info: version: '2.48.2', revision: '41bccdd', time: '2015-10-09 19:59:12'
System info: host: 'autobox-VirtualBox', ip: '127.0.1.1', os.name: 'Linux', os.arch: 'amd64', os.version: '4.2.0-18-generic', java.version: '1.7.0_85'
*** Element info: {Using=css selector, value=div.field-item.even a[href='https://aoda.web.uoguelph.ca/aodademo/listing-page-people-profiles#']}
Session ID: 5ac142b8-6cb5-4610-98a1-75279a38d4c5
Driver info: org.openqa.selenium.firefox.FirefoxDriver
Capabilities [{platform=LINUX, acceptSslCerts=true, javascriptEnabled=true, cssSelectorsEnabled=true, databaseEnabled=true, browserName=firefox, handlesAlerts=true, nativeEvents=false, webStorageEnabled=true, rotatable=false, locationContextEnabled=true, applicationCacheEnabled=true, takesScreenshot=true, version=42.0}]
	at sun.reflect.NativeConstructorAccessorImpl.newInstance0(Native Method)
	at sun.reflect.NativeConstructorAccessorImpl.newInstance(NativeConstructorAccessorImpl.java:57)
	at sun.reflect.DelegatingConstructorAccessorImpl.newInstance(DelegatingConstructorAccessorImpl.java:45)
	at java.lang.reflect.Constructor.newInstance(Constructor.java:526)
	at org.openqa.selenium.remote.ErrorHandler.createThrowable(ErrorHandler.java:206)
	at org.openqa.selenium.remote.ErrorHandler.throwIfResponseFailed(ErrorHandler.java:158)
	at org.openqa.selenium.remote.RemoteWebDriver.execute(RemoteWebDriver.java:647)
	at org.openqa.selenium.remote.RemoteWebDriver.findElement(RemoteWebDriver.java:353)
	at org.openqa.selenium.remote.RemoteWebDriver.findElementByCssSelector(RemoteWebDriver.java:482)
	at org.openqa.selenium.By$ByCssSelector.findElement(By.java:430)
	at org.openqa.selenium.remote.RemoteWebDriver.findElement(RemoteWebDriver.java:345)
	at sun.reflect.NativeMethodAccessorImpl.invoke0(Native Method)
	at sun.reflect.NativeMethodAccessorImpl.invoke(NativeMethodAccessorImpl.java:57)
	at sun.reflect.DelegatingMethodAccessorImpl.invoke(DelegatingMethodAccessorImpl.java:43)
	at java.lang.reflect.Method.invoke(Method.java:606)
	at org.openqa.selenium.support.events.EventFiringWebDriver$2.invoke(EventFiringWebDriver.java:102)
	at com.sun.proxy.$Proxy1.findElement(Unknown Source)
	at org.openqa.selenium.support.events.EventFiringWebDriver.findElement(EventFiringWebDriver.java:187)
	at org.openqa.selenium.remote.server.handler.FindElement.call(FindElement.java:48)
	at org.openqa.selenium.remote.server.handler.FindElement.call(FindElement.java:1)
	at java.util.concurrent.FutureTask.run(FutureTask.java:262)
	at org.openqa.selenium.remote.server.DefaultSession$1.run(DefaultSession.java:176)
	at java.util.concurrent.ThreadPoolExecutor.runWorker(ThreadPoolExecutor.java:1145)
	at java.util.concurrent.ThreadPoolExecutor$Worker.run(ThreadPoolExecutor.java:615)
	at java.lang.Thread.run(Thread.java:745)
Caused by: org.openqa.selenium.NoSuchElementException: Unable to locate element: {"method":"css selector","selector":"div.field-item.even a[href='https://aoda.web.uoguelph.ca/aodademo/listing-page-people-profiles#']"}
For documentation on this error, please visit: http://seleniumhq.org/exceptions/no_such_element.html
Build info: version: '2.48.2', revision: '41bccdd', time: '2015-10-09 19:59:12'
System info: host: 'autobox-VirtualBox', ip: '127.0.1.1', os.name: 'Linux', os.arch: 'amd64', os.version: '4.2.0-18-generic', java.version: '1.7.0_85'
Driver info: driver.version: unknown
	at <anonymous class>.FirefoxDriver.prototype.findElementInternal_(file:///tmp/anonymous6693958213039018232webdriver-profile/extensions/fxdriver@googlecode.com/components/driver-component.js:10659)
	at <anonymous class>.FirefoxDriver.prototype.findElement(file:///tmp/anonymous6693958213039018232webdriver-profile/extensions/fxdriver@googlecode.com/components/driver-component.js:10668)
	at <anonymous class>.DelayedCommand.prototype.executeInternal_/h(file:///tmp/anonymous6693958213039018232webdriver-profile/extensions/fxdriver@googlecode.com/components/command-processor.js:12534)
	at <anonymous class>.DelayedCommand.prototype.executeInternal_(file:///tmp/anonymous6693958213039018232webdriver-profile/extensions/fxdriver@googlecode.com/components/command-processor.js:12539)
	at <anonymous class>.DelayedCommand.prototype.execute/<(file:///tmp/anonymous6693958213039018232webdriver-profile/extensions/fxdriver@googlecode.com/components/command-processor.js:12481)
09:12:07.687 WARN - Exception: Unable to locate element: {"method":"css selector","selector":"div.field-item.even a[href='https://aoda.web.uoguelph.ca/aodademo/listing-page-people-profiles#']"}
For documentation on this error, please visit: http://seleniumhq.org/exceptions/no_such_element.html
Build info: version: '2.48.2', revision: '41bccdd', time: '2015-10-09 19:59:12'
System info: host: 'autobox-VirtualBox', ip: '127.0.1.1', os.name: 'Linux', os.arch: 'amd64', os.version: '4.2.0-18-generic', java.version: '1.7.0_85'
Driver info: driver.version: unknown
09:12:08.725 INFO - Executing: [execute script: var passedArgs = Array.prototype.slice.call(arguments,0); return function () {
        return document.querySelector("meta[content='Error Document']");
      }.apply(window, passedArgs);, []])
09:12:08.751 INFO - Done: [execute script: var passedArgs = Array.prototype.slice.call(arguments,0); return function () {
        return document.querySelector("meta[content='Error Document']");
      }.apply(window, passedArgs);, []]
09:12:08.754 INFO - Executing: [get: https://aoda.web.uoguelph.ca/aodademo/listing-pages])
09:12:09.571 INFO - Done: [get: https://aoda.web.uoguelph.ca/aodademo/listing-pages]
09:12:10.577 INFO - Executing: [find element: By.cssSelector: div.field-item.even a[href='https://aoda.web.uoguelph.ca/aodademo/listing-page-people-profiles#']])
09:12:10.855 WARN - Exception thrown
org.openqa.selenium.NoSuchElementException: Unable to locate element: {"method":"css selector","selector":"div.field-item.even a[href='https://aoda.web.uoguelph.ca/aodademo/listing-page-people-profiles#']"}
Command duration or timeout: 22 milliseconds
For documentation on this error, please visit: http://seleniumhq.org/exceptions/no_such_element.html
Build info: version: '2.48.2', revision: '41bccdd', time: '2015-10-09 19:59:12'
System info: host: 'autobox-VirtualBox', ip: '127.0.1.1', os.name: 'Linux', os.arch: 'amd64', os.version: '4.2.0-18-generic', java.version: '1.7.0_85'
*** Element info: {Using=css selector, value=div.field-item.even a[href='https://aoda.web.uoguelph.ca/aodademo/listing-page-people-profiles#']}
Session ID: 5ac142b8-6cb5-4610-98a1-75279a38d4c5
Driver info: org.openqa.selenium.firefox.FirefoxDriver
Capabilities [{platform=LINUX, acceptSslCerts=true, javascriptEnabled=true, cssSelectorsEnabled=true, databaseEnabled=true, browserName=firefox, handlesAlerts=true, nativeEvents=false, webStorageEnabled=true, rotatable=false, locationContextEnabled=true, applicationCacheEnabled=true, takesScreenshot=true, version=42.0}]
	at sun.reflect.NativeConstructorAccessorImpl.newInstance0(Native Method)
	at sun.reflect.NativeConstructorAccessorImpl.newInstance(NativeConstructorAccessorImpl.java:57)
	at sun.reflect.DelegatingConstructorAccessorImpl.newInstance(DelegatingConstructorAccessorImpl.java:45)
	at java.lang.reflect.Constructor.newInstance(Constructor.java:526)
	at org.openqa.selenium.remote.ErrorHandler.createThrowable(ErrorHandler.java:206)
	at org.openqa.selenium.remote.ErrorHandler.throwIfResponseFailed(ErrorHandler.java:158)
	at org.openqa.selenium.remote.RemoteWebDriver.execute(RemoteWebDriver.java:647)
	at org.openqa.selenium.remote.RemoteWebDriver.findElement(RemoteWebDriver.java:353)
	at org.openqa.selenium.remote.RemoteWebDriver.findElementByCssSelector(RemoteWebDriver.java:482)
	at org.openqa.selenium.By$ByCssSelector.findElement(By.java:430)
	at org.openqa.selenium.remote.RemoteWebDriver.findElement(RemoteWebDriver.java:345)
	at sun.reflect.NativeMethodAccessorImpl.invoke0(Native Method)
	at sun.reflect.NativeMethodAccessorImpl.invoke(NativeMethodAccessorImpl.java:57)
	at sun.reflect.DelegatingMethodAccessorImpl.invoke(DelegatingMethodAccessorImpl.java:43)
	at java.lang.reflect.Method.invoke(Method.java:606)
	at org.openqa.selenium.support.events.EventFiringWebDriver$2.invoke(EventFiringWebDriver.java:102)
	at com.sun.proxy.$Proxy1.findElement(Unknown Source)
	at org.openqa.selenium.support.events.EventFiringWebDriver.findElement(EventFiringWebDriver.java:187)
	at org.openqa.selenium.remote.server.handler.FindElement.call(FindElement.java:48)
	at org.openqa.selenium.remote.server.handler.FindElement.call(FindElement.java:1)
	at java.util.concurrent.FutureTask.run(FutureTask.java:262)
	at org.openqa.selenium.remote.server.DefaultSession$1.run(DefaultSession.java:176)
	at java.util.concurrent.ThreadPoolExecutor.runWorker(ThreadPoolExecutor.java:1145)
	at java.util.concurrent.ThreadPoolExecutor$Worker.run(ThreadPoolExecutor.java:615)
	at java.lang.Thread.run(Thread.java:745)
Caused by: org.openqa.selenium.NoSuchElementException: Unable to locate element: {"method":"css selector","selector":"div.field-item.even a[href='https://aoda.web.uoguelph.ca/aodademo/listing-page-people-profiles#']"}
For documentation on this error, please visit: http://seleniumhq.org/exceptions/no_such_element.html
Build info: version: '2.48.2', revision: '41bccdd', time: '2015-10-09 19:59:12'
System info: host: 'autobox-VirtualBox', ip: '127.0.1.1', os.name: 'Linux', os.arch: 'amd64', os.version: '4.2.0-18-generic', java.version: '1.7.0_85'
Driver info: driver.version: unknown
	at <anonymous class>.FirefoxDriver.prototype.findElementInternal_(file:///tmp/anonymous6693958213039018232webdriver-profile/extensions/fxdriver@googlecode.com/components/driver-component.js:10659)
	at <anonymous class>.FirefoxDriver.prototype.findElement(file:///tmp/anonymous6693958213039018232webdriver-profile/extensions/fxdriver@googlecode.com/components/driver-component.js:10668)
	at <anonymous class>.DelayedCommand.prototype.executeInternal_/h(file:///tmp/anonymous6693958213039018232webdriver-profile/extensions/fxdriver@googlecode.com/components/command-processor.js:12534)
	at <anonymous class>.DelayedCommand.prototype.executeInternal_(file:///tmp/anonymous6693958213039018232webdriver-profile/extensions/fxdriver@googlecode.com/components/command-processor.js:12539)
	at <anonymous class>.DelayedCommand.prototype.execute/<(file:///tmp/anonymous6693958213039018232webdriver-profile/extensions/fxdriver@googlecode.com/components/command-processor.js:12481)
09:12:10.856 WARN - Exception: Unable to locate element: {"method":"css selector","selector":"div.field-item.even a[href='https://aoda.web.uoguelph.ca/aodademo/listing-page-people-profiles#']"}
For documentation on this error, please visit: http://seleniumhq.org/exceptions/no_such_element.html
Build info: version: '2.48.2', revision: '41bccdd', time: '2015-10-09 19:59:12'
System info: host: 'autobox-VirtualBox', ip: '127.0.1.1', os.name: 'Linux', os.arch: 'amd64', os.version: '4.2.0-18-generic', java.version: '1.7.0_85'
Driver info: driver.version: unknown
09:12:11.888 INFO - Executing: [execute script: var passedArgs = Array.prototype.slice.call(arguments,0); return function () {
        return document.querySelector("meta[content='Error Document']");
      }.apply(window, passedArgs);, []])
09:12:11.909 INFO - Done: [execute script: var passedArgs = Array.prototype.slice.call(arguments,0); return function () {
        return document.querySelector("meta[content='Error Document']");
      }.apply(window, passedArgs);, []]
09:12:11.915 INFO - Executing: [get: https://aoda.web.uoguelph.ca/aodademo/listing-pages])
09:12:12.745 INFO - Done: [get: https://aoda.web.uoguelph.ca/aodademo/listing-pages]
09:12:13.751 INFO - Executing: [find element: By.cssSelector: div.field-item.even a[href='https://aoda.web.uoguelph.ca/aodademo/people?page=1']])
09:12:14.081 WARN - Exception thrown
org.openqa.selenium.NoSuchElementException: Unable to locate element: {"method":"css selector","selector":"div.field-item.even a[href='https://aoda.web.uoguelph.ca/aodademo/people?page=1']"}
Command duration or timeout: 18 milliseconds
For documentation on this error, please visit: http://seleniumhq.org/exceptions/no_such_element.html
Build info: version: '2.48.2', revision: '41bccdd', time: '2015-10-09 19:59:12'
System info: host: 'autobox-VirtualBox', ip: '127.0.1.1', os.name: 'Linux', os.arch: 'amd64', os.version: '4.2.0-18-generic', java.version: '1.7.0_85'
*** Element info: {Using=css selector, value=div.field-item.even a[href='https://aoda.web.uoguelph.ca/aodademo/people?page=1']}
Session ID: 5ac142b8-6cb5-4610-98a1-75279a38d4c5
Driver info: org.openqa.selenium.firefox.FirefoxDriver
Capabilities [{platform=LINUX, acceptSslCerts=true, javascriptEnabled=true, cssSelectorsEnabled=true, databaseEnabled=true, browserName=firefox, handlesAlerts=true, nativeEvents=false, webStorageEnabled=true, rotatable=false, locationContextEnabled=true, applicationCacheEnabled=true, takesScreenshot=true, version=42.0}]
	at sun.reflect.NativeConstructorAccessorImpl.newInstance0(Native Method)
	at sun.reflect.NativeConstructorAccessorImpl.newInstance(NativeConstructorAccessorImpl.java:57)
	at sun.reflect.DelegatingConstructorAccessorImpl.newInstance(DelegatingConstructorAccessorImpl.java:45)
	at java.lang.reflect.Constructor.newInstance(Constructor.java:526)
	at org.openqa.selenium.remote.ErrorHandler.createThrowable(ErrorHandler.java:206)
	at org.openqa.selenium.remote.ErrorHandler.throwIfResponseFailed(ErrorHandler.java:158)
	at org.openqa.selenium.remote.RemoteWebDriver.execute(RemoteWebDriver.java:647)
	at org.openqa.selenium.remote.RemoteWebDriver.findElement(RemoteWebDriver.java:353)
	at org.openqa.selenium.remote.RemoteWebDriver.findElementByCssSelector(RemoteWebDriver.java:482)
	at org.openqa.selenium.By$ByCssSelector.findElement(By.java:430)
	at org.openqa.selenium.remote.RemoteWebDriver.findElement(RemoteWebDriver.java:345)
	at sun.reflect.NativeMethodAccessorImpl.invoke0(Native Method)
	at sun.reflect.NativeMethodAccessorImpl.invoke(NativeMethodAccessorImpl.java:57)
	at sun.reflect.DelegatingMethodAccessorImpl.invoke(DelegatingMethodAccessorImpl.java:43)
	at java.lang.reflect.Method.invoke(Method.java:606)
	at org.openqa.selenium.support.events.EventFiringWebDriver$2.invoke(EventFiringWebDriver.java:102)
	at com.sun.proxy.$Proxy1.findElement(Unknown Source)
	at org.openqa.selenium.support.events.EventFiringWebDriver.findElement(EventFiringWebDriver.java:187)
	at org.openqa.selenium.remote.server.handler.FindElement.call(FindElement.java:48)
	at org.openqa.selenium.remote.server.handler.FindElement.call(FindElement.java:1)
	at java.util.concurrent.FutureTask.run(FutureTask.java:262)
	at org.openqa.selenium.remote.server.DefaultSession$1.run(DefaultSession.java:176)
	at java.util.concurrent.ThreadPoolExecutor.runWorker(ThreadPoolExecutor.java:1145)
	at java.util.concurrent.ThreadPoolExecutor$Worker.run(ThreadPoolExecutor.java:615)
	at java.lang.Thread.run(Thread.java:745)
Caused by: org.openqa.selenium.NoSuchElementException: Unable to locate element: {"method":"css selector","selector":"div.field-item.even a[href='https://aoda.web.uoguelph.ca/aodademo/people?page=1']"}
For documentation on this error, please visit: http://seleniumhq.org/exceptions/no_such_element.html
Build info: version: '2.48.2', revision: '41bccdd', time: '2015-10-09 19:59:12'
System info: host: 'autobox-VirtualBox', ip: '127.0.1.1', os.name: 'Linux', os.arch: 'amd64', os.version: '4.2.0-18-generic', java.version: '1.7.0_85'
Driver info: driver.version: unknown
	at <anonymous class>.FirefoxDriver.prototype.findElementInternal_(file:///tmp/anonymous6693958213039018232webdriver-profile/extensions/fxdriver@googlecode.com/components/driver-component.js:10659)
	at <anonymous class>.FirefoxDriver.prototype.findElement(file:///tmp/anonymous6693958213039018232webdriver-profile/extensions/fxdriver@googlecode.com/components/driver-component.js:10668)
	at <anonymous class>.DelayedCommand.prototype.executeInternal_/h(file:///tmp/anonymous6693958213039018232webdriver-profile/extensions/fxdriver@googlecode.com/components/command-processor.js:12534)
	at <anonymous class>.DelayedCommand.prototype.executeInternal_(file:///tmp/anonymous6693958213039018232webdriver-profile/extensions/fxdriver@googlecode.com/components/command-processor.js:12539)
	at <anonymous class>.DelayedCommand.prototype.execute/<(file:///tmp/anonymous6693958213039018232webdriver-profile/extensions/fxdriver@googlecode.com/components/command-processor.js:12481)
09:12:14.082 WARN - Exception: Unable to locate element: {"method":"css selector","selector":"div.field-item.even a[href='https://aoda.web.uoguelph.ca/aodademo/people?page=1']"}
For documentation on this error, please visit: http://seleniumhq.org/exceptions/no_such_element.html
Build info: version: '2.48.2', revision: '41bccdd', time: '2015-10-09 19:59:12'
System info: host: 'autobox-VirtualBox', ip: '127.0.1.1', os.name: 'Linux', os.arch: 'amd64', os.version: '4.2.0-18-generic', java.version: '1.7.0_85'
Driver info: driver.version: unknown
09:12:15.125 INFO - Executing: [execute script: var passedArgs = Array.prototype.slice.call(arguments,0); return function () {
        return document.querySelector("meta[content='Error Document']");
      }.apply(window, passedArgs);, []])
09:12:15.143 INFO - Done: [execute script: var passedArgs = Array.prototype.slice.call(arguments,0); return function () {
        return document.querySelector("meta[content='Error Document']");
      }.apply(window, passedArgs);, []]
09:12:15.147 INFO - Executing: [get: https://aoda.web.uoguelph.ca/aodademo/listing-pages])
09:12:15.919 INFO - Done: [get: https://aoda.web.uoguelph.ca/aodademo/listing-pages]
09:12:16.926 INFO - Executing: [find element: By.cssSelector: div.field-item.even a[href='https://aoda.web.uoguelph.ca/aodademo/people?page=2']])
09:12:17.251 WARN - Exception thrown
org.openqa.selenium.NoSuchElementException: Unable to locate element: {"method":"css selector","selector":"div.field-item.even a[href='https://aoda.web.uoguelph.ca/aodademo/people?page=2']"}
Command duration or timeout: 15 milliseconds
For documentation on this error, please visit: http://seleniumhq.org/exceptions/no_such_element.html
Build info: version: '2.48.2', revision: '41bccdd', time: '2015-10-09 19:59:12'
System info: host: 'autobox-VirtualBox', ip: '127.0.1.1', os.name: 'Linux', os.arch: 'amd64', os.version: '4.2.0-18-generic', java.version: '1.7.0_85'
*** Element info: {Using=css selector, value=div.field-item.even a[href='https://aoda.web.uoguelph.ca/aodademo/people?page=2']}
Session ID: 5ac142b8-6cb5-4610-98a1-75279a38d4c5
Driver info: org.openqa.selenium.firefox.FirefoxDriver
Capabilities [{platform=LINUX, acceptSslCerts=true, javascriptEnabled=true, cssSelectorsEnabled=true, databaseEnabled=true, browserName=firefox, handlesAlerts=true, nativeEvents=false, webStorageEnabled=true, rotatable=false, locationContextEnabled=true, applicationCacheEnabled=true, takesScreenshot=true, version=42.0}]
	at sun.reflect.NativeConstructorAccessorImpl.newInstance0(Native Method)
	at sun.reflect.NativeConstructorAccessorImpl.newInstance(NativeConstructorAccessorImpl.java:57)
	at sun.reflect.DelegatingConstructorAccessorImpl.newInstance(DelegatingConstructorAccessorImpl.java:45)
	at java.lang.reflect.Constructor.newInstance(Constructor.java:526)
	at org.openqa.selenium.remote.ErrorHandler.createThrowable(ErrorHandler.java:206)
	at org.openqa.selenium.remote.ErrorHandler.throwIfResponseFailed(ErrorHandler.java:158)
	at org.openqa.selenium.remote.RemoteWebDriver.execute(RemoteWebDriver.java:647)
	at org.openqa.selenium.remote.RemoteWebDriver.findElement(RemoteWebDriver.java:353)
	at org.openqa.selenium.remote.RemoteWebDriver.findElementByCssSelector(RemoteWebDriver.java:482)
	at org.openqa.selenium.By$ByCssSelector.findElement(By.java:430)
	at org.openqa.selenium.remote.RemoteWebDriver.findElement(RemoteWebDriver.java:345)
	at sun.reflect.NativeMethodAccessorImpl.invoke0(Native Method)
	at sun.reflect.NativeMethodAccessorImpl.invoke(NativeMethodAccessorImpl.java:57)
	at sun.reflect.DelegatingMethodAccessorImpl.invoke(DelegatingMethodAccessorImpl.java:43)
	at java.lang.reflect.Method.invoke(Method.java:606)
	at org.openqa.selenium.support.events.EventFiringWebDriver$2.invoke(EventFiringWebDriver.java:102)
	at com.sun.proxy.$Proxy1.findElement(Unknown Source)
	at org.openqa.selenium.support.events.EventFiringWebDriver.findElement(EventFiringWebDriver.java:187)
	at org.openqa.selenium.remote.server.handler.FindElement.call(FindElement.java:48)
	at org.openqa.selenium.remote.server.handler.FindElement.call(FindElement.java:1)
	at java.util.concurrent.FutureTask.run(FutureTask.java:262)
	at org.openqa.selenium.remote.server.DefaultSession$1.run(DefaultSession.java:176)
	at java.util.concurrent.ThreadPoolExecutor.runWorker(ThreadPoolExecutor.java:1145)
	at java.util.concurrent.ThreadPoolExecutor$Worker.run(ThreadPoolExecutor.java:615)
	at java.lang.Thread.run(Thread.java:745)
Caused by: org.openqa.selenium.NoSuchElementException: Unable to locate element: {"method":"css selector","selector":"div.field-item.even a[href='https://aoda.web.uoguelph.ca/aodademo/people?page=2']"}
For documentation on this error, please visit: http://seleniumhq.org/exceptions/no_such_element.html
Build info: version: '2.48.2', revision: '41bccdd', time: '2015-10-09 19:59:12'
System info: host: 'autobox-VirtualBox', ip: '127.0.1.1', os.name: 'Linux', os.arch: 'amd64', os.version: '4.2.0-18-generic', java.version: '1.7.0_85'
Driver info: driver.version: unknown
	at <anonymous class>.FirefoxDriver.prototype.findElementInternal_(file:///tmp/anonymous6693958213039018232webdriver-profile/extensions/fxdriver@googlecode.com/components/driver-component.js:10659)
	at <anonymous class>.FirefoxDriver.prototype.findElement(file:///tmp/anonymous6693958213039018232webdriver-profile/extensions/fxdriver@googlecode.com/components/driver-component.js:10668)
	at <anonymous class>.DelayedCommand.prototype.executeInternal_/h(file:///tmp/anonymous6693958213039018232webdriver-profile/extensions/fxdriver@googlecode.com/components/command-processor.js:12534)
	at <anonymous class>.DelayedCommand.prototype.executeInternal_(file:///tmp/anonymous6693958213039018232webdriver-profile/extensions/fxdriver@googlecode.com/components/command-processor.js:12539)
	at <anonymous class>.DelayedCommand.prototype.execute/<(file:///tmp/anonymous6693958213039018232webdriver-profile/extensions/fxdriver@googlecode.com/components/command-processor.js:12481)
09:12:17.252 WARN - Exception: Unable to locate element: {"method":"css selector","selector":"div.field-item.even a[href='https://aoda.web.uoguelph.ca/aodademo/people?page=2']"}
For documentation on this error, please visit: http://seleniumhq.org/exceptions/no_such_element.html
Build info: version: '2.48.2', revision: '41bccdd', time: '2015-10-09 19:59:12'
System info: host: 'autobox-VirtualBox', ip: '127.0.1.1', os.name: 'Linux', os.arch: 'amd64', os.version: '4.2.0-18-generic', java.version: '1.7.0_85'
Driver info: driver.version: unknown
09:12:18.289 INFO - Executing: [execute script: var passedArgs = Array.prototype.slice.call(arguments,0); return function () {
        return document.querySelector("meta[content='Error Document']");
      }.apply(window, passedArgs);, []])
09:12:18.321 INFO - Done: [execute script: var passedArgs = Array.prototype.slice.call(arguments,0); return function () {
        return document.querySelector("meta[content='Error Document']");
      }.apply(window, passedArgs);, []]
09:12:18.327 INFO - Executing: [get: https://aoda.web.uoguelph.ca/aodademo/listing-pages])
09:12:19.097 INFO - Done: [get: https://aoda.web.uoguelph.ca/aodademo/listing-pages]
09:12:20.104 INFO - Executing: [find element: By.cssSelector: div.field-item.even a[href='https://aoda.web.uoguelph.ca/aodademo/people?page=3']])
09:12:20.367 WARN - Exception thrown
org.openqa.selenium.NoSuchElementException: Unable to locate element: {"method":"css selector","selector":"div.field-item.even a[href='https://aoda.web.uoguelph.ca/aodademo/people?page=3']"}
Command duration or timeout: 21 milliseconds
For documentation on this error, please visit: http://seleniumhq.org/exceptions/no_such_element.html
Build info: version: '2.48.2', revision: '41bccdd', time: '2015-10-09 19:59:12'
System info: host: 'autobox-VirtualBox', ip: '127.0.1.1', os.name: 'Linux', os.arch: 'amd64', os.version: '4.2.0-18-generic', java.version: '1.7.0_85'
*** Element info: {Using=css selector, value=div.field-item.even a[href='https://aoda.web.uoguelph.ca/aodademo/people?page=3']}
Session ID: 5ac142b8-6cb5-4610-98a1-75279a38d4c5
Driver info: org.openqa.selenium.firefox.FirefoxDriver
Capabilities [{platform=LINUX, acceptSslCerts=true, javascriptEnabled=true, cssSelectorsEnabled=true, databaseEnabled=true, browserName=firefox, handlesAlerts=true, nativeEvents=false, webStorageEnabled=true, rotatable=false, locationContextEnabled=true, applicationCacheEnabled=true, takesScreenshot=true, version=42.0}]
	at sun.reflect.NativeConstructorAccessorImpl.newInstance0(Native Method)
	at sun.reflect.NativeConstructorAccessorImpl.newInstance(NativeConstructorAccessorImpl.java:57)
	at sun.reflect.DelegatingConstructorAccessorImpl.newInstance(DelegatingConstructorAccessorImpl.java:45)
	at java.lang.reflect.Constructor.newInstance(Constructor.java:526)
	at org.openqa.selenium.remote.ErrorHandler.createThrowable(ErrorHandler.java:206)
	at org.openqa.selenium.remote.ErrorHandler.throwIfResponseFailed(ErrorHandler.java:158)
	at org.openqa.selenium.remote.RemoteWebDriver.execute(RemoteWebDriver.java:647)
	at org.openqa.selenium.remote.RemoteWebDriver.findElement(RemoteWebDriver.java:353)
	at org.openqa.selenium.remote.RemoteWebDriver.findElementByCssSelector(RemoteWebDriver.java:482)
	at org.openqa.selenium.By$ByCssSelector.findElement(By.java:430)
	at org.openqa.selenium.remote.RemoteWebDriver.findElement(RemoteWebDriver.java:345)
	at sun.reflect.NativeMethodAccessorImpl.invoke0(Native Method)
	at sun.reflect.NativeMethodAccessorImpl.invoke(NativeMethodAccessorImpl.java:57)
	at sun.reflect.DelegatingMethodAccessorImpl.invoke(DelegatingMethodAccessorImpl.java:43)
	at java.lang.reflect.Method.invoke(Method.java:606)
	at org.openqa.selenium.support.events.EventFiringWebDriver$2.invoke(EventFiringWebDriver.java:102)
	at com.sun.proxy.$Proxy1.findElement(Unknown Source)
	at org.openqa.selenium.support.events.EventFiringWebDriver.findElement(EventFiringWebDriver.java:187)
	at org.openqa.selenium.remote.server.handler.FindElement.call(FindElement.java:48)
	at org.openqa.selenium.remote.server.handler.FindElement.call(FindElement.java:1)
	at java.util.concurrent.FutureTask.run(FutureTask.java:262)
	at org.openqa.selenium.remote.server.DefaultSession$1.run(DefaultSession.java:176)
	at java.util.concurrent.ThreadPoolExecutor.runWorker(ThreadPoolExecutor.java:1145)
	at java.util.concurrent.ThreadPoolExecutor$Worker.run(ThreadPoolExecutor.java:615)
	at java.lang.Thread.run(Thread.java:745)
Caused by: org.openqa.selenium.NoSuchElementException: Unable to locate element: {"method":"css selector","selector":"div.field-item.even a[href='https://aoda.web.uoguelph.ca/aodademo/people?page=3']"}
For documentation on this error, please visit: http://seleniumhq.org/exceptions/no_such_element.html
Build info: version: '2.48.2', revision: '41bccdd', time: '2015-10-09 19:59:12'
System info: host: 'autobox-VirtualBox', ip: '127.0.1.1', os.name: 'Linux', os.arch: 'amd64', os.version: '4.2.0-18-generic', java.version: '1.7.0_85'
Driver info: driver.version: unknown
	at <anonymous class>.FirefoxDriver.prototype.findElementInternal_(file:///tmp/anonymous6693958213039018232webdriver-profile/extensions/fxdriver@googlecode.com/components/driver-component.js:10659)
	at <anonymous class>.FirefoxDriver.prototype.findElement(file:///tmp/anonymous6693958213039018232webdriver-profile/extensions/fxdriver@googlecode.com/components/driver-component.js:10668)
	at <anonymous class>.DelayedCommand.prototype.executeInternal_/h(file:///tmp/anonymous6693958213039018232webdriver-profile/extensions/fxdriver@googlecode.com/components/command-processor.js:12534)
	at <anonymous class>.DelayedCommand.prototype.executeInternal_(file:///tmp/anonymous6693958213039018232webdriver-profile/extensions/fxdriver@googlecode.com/components/command-processor.js:12539)
	at <anonymous class>.DelayedCommand.prototype.execute/<(file:///tmp/anonymous6693958213039018232webdriver-profile/extensions/fxdriver@googlecode.com/components/command-processor.js:12481)
09:12:20.368 WARN - Exception: Unable to locate element: {"method":"css selector","selector":"div.field-item.even a[href='https://aoda.web.uoguelph.ca/aodademo/people?page=3']"}
For documentation on this error, please visit: http://seleniumhq.org/exceptions/no_such_element.html
Build info: version: '2.48.2', revision: '41bccdd', time: '2015-10-09 19:59:12'
System info: host: 'autobox-VirtualBox', ip: '127.0.1.1', os.name: 'Linux', os.arch: 'amd64', os.version: '4.2.0-18-generic', java.version: '1.7.0_85'
Driver info: driver.version: unknown
09:12:21.405 INFO - Executing: [execute script: var passedArgs = Array.prototype.slice.call(arguments,0); return function () {
        return document.querySelector("meta[content='Error Document']");
      }.apply(window, passedArgs);, []])
09:12:21.429 INFO - Done: [execute script: var passedArgs = Array.prototype.slice.call(arguments,0); return function () {
        return document.querySelector("meta[content='Error Document']");
      }.apply(window, passedArgs);, []]
09:12:21.436 INFO - Executing: [get: https://aoda.web.uoguelph.ca/aodademo/listing-pages])
09:12:22.144 INFO - Done: [get: https://aoda.web.uoguelph.ca/aodademo/listing-pages]
09:12:23.151 INFO - Executing: [find element: By.cssSelector: div.field-item.even a[href='https://aoda.web.uoguelph.ca/aodademo/people?page=4']])
09:12:23.462 WARN - Exception thrown
org.openqa.selenium.NoSuchElementException: Unable to locate element: {"method":"css selector","selector":"div.field-item.even a[href='https://aoda.web.uoguelph.ca/aodademo/people?page=4']"}
Command duration or timeout: 22 milliseconds
For documentation on this error, please visit: http://seleniumhq.org/exceptions/no_such_element.html
Build info: version: '2.48.2', revision: '41bccdd', time: '2015-10-09 19:59:12'
System info: host: 'autobox-VirtualBox', ip: '127.0.1.1', os.name: 'Linux', os.arch: 'amd64', os.version: '4.2.0-18-generic', java.version: '1.7.0_85'
*** Element info: {Using=css selector, value=div.field-item.even a[href='https://aoda.web.uoguelph.ca/aodademo/people?page=4']}
Session ID: 5ac142b8-6cb5-4610-98a1-75279a38d4c5
Driver info: org.openqa.selenium.firefox.FirefoxDriver
Capabilities [{platform=LINUX, acceptSslCerts=true, javascriptEnabled=true, cssSelectorsEnabled=true, databaseEnabled=true, browserName=firefox, handlesAlerts=true, nativeEvents=false, webStorageEnabled=true, rotatable=false, locationContextEnabled=true, applicationCacheEnabled=true, takesScreenshot=true, version=42.0}]
	at sun.reflect.NativeConstructorAccessorImpl.newInstance0(Native Method)
	at sun.reflect.NativeConstructorAccessorImpl.newInstance(NativeConstructorAccessorImpl.java:57)
	at sun.reflect.DelegatingConstructorAccessorImpl.newInstance(DelegatingConstructorAccessorImpl.java:45)
	at java.lang.reflect.Constructor.newInstance(Constructor.java:526)
	at org.openqa.selenium.remote.ErrorHandler.createThrowable(ErrorHandler.java:206)
	at org.openqa.selenium.remote.ErrorHandler.throwIfResponseFailed(ErrorHandler.java:158)
	at org.openqa.selenium.remote.RemoteWebDriver.execute(RemoteWebDriver.java:647)
	at org.openqa.selenium.remote.RemoteWebDriver.findElement(RemoteWebDriver.java:353)
	at org.openqa.selenium.remote.RemoteWebDriver.findElementByCssSelector(RemoteWebDriver.java:482)
	at org.openqa.selenium.By$ByCssSelector.findElement(By.java:430)
	at org.openqa.selenium.remote.RemoteWebDriver.findElement(RemoteWebDriver.java:345)
	at sun.reflect.NativeMethodAccessorImpl.invoke0(Native Method)
	at sun.reflect.NativeMethodAccessorImpl.invoke(NativeMethodAccessorImpl.java:57)
	at sun.reflect.DelegatingMethodAccessorImpl.invoke(DelegatingMethodAccessorImpl.java:43)
	at java.lang.reflect.Method.invoke(Method.java:606)
	at org.openqa.selenium.support.events.EventFiringWebDriver$2.invoke(EventFiringWebDriver.java:102)
	at com.sun.proxy.$Proxy1.findElement(Unknown Source)
	at org.openqa.selenium.support.events.EventFiringWebDriver.findElement(EventFiringWebDriver.java:187)
	at org.openqa.selenium.remote.server.handler.FindElement.call(FindElement.java:48)
	at org.openqa.selenium.remote.server.handler.FindElement.call(FindElement.java:1)
	at java.util.concurrent.FutureTask.run(FutureTask.java:262)
	at org.openqa.selenium.remote.server.DefaultSession$1.run(DefaultSession.java:176)
	at java.util.concurrent.ThreadPoolExecutor.runWorker(ThreadPoolExecutor.java:1145)
	at java.util.concurrent.ThreadPoolExecutor$Worker.run(ThreadPoolExecutor.java:615)
	at java.lang.Thread.run(Thread.java:745)
Caused by: org.openqa.selenium.NoSuchElementException: Unable to locate element: {"method":"css selector","selector":"div.field-item.even a[href='https://aoda.web.uoguelph.ca/aodademo/people?page=4']"}
For documentation on this error, please visit: http://seleniumhq.org/exceptions/no_such_element.html
Build info: version: '2.48.2', revision: '41bccdd', time: '2015-10-09 19:59:12'
System info: host: 'autobox-VirtualBox', ip: '127.0.1.1', os.name: 'Linux', os.arch: 'amd64', os.version: '4.2.0-18-generic', java.version: '1.7.0_85'
Driver info: driver.version: unknown
	at <anonymous class>.FirefoxDriver.prototype.findElementInternal_(file:///tmp/anonymous6693958213039018232webdriver-profile/extensions/fxdriver@googlecode.com/components/driver-component.js:10659)
	at <anonymous class>.FirefoxDriver.prototype.findElement(file:///tmp/anonymous6693958213039018232webdriver-profile/extensions/fxdriver@googlecode.com/components/driver-component.js:10668)
	at <anonymous class>.DelayedCommand.prototype.executeInternal_/h(file:///tmp/anonymous6693958213039018232webdriver-profile/extensions/fxdriver@googlecode.com/components/command-processor.js:12534)
	at <anonymous class>.DelayedCommand.prototype.executeInternal_(file:///tmp/anonymous6693958213039018232webdriver-profile/extensions/fxdriver@googlecode.com/components/command-processor.js:12539)
	at <anonymous class>.DelayedCommand.prototype.execute/<(file:///tmp/anonymous6693958213039018232webdriver-profile/extensions/fxdriver@googlecode.com/components/command-processor.js:12481)
09:12:23.463 WARN - Exception: Unable to locate element: {"method":"css selector","selector":"div.field-item.even a[href='https://aoda.web.uoguelph.ca/aodademo/people?page=4']"}
For documentation on this error, please visit: http://seleniumhq.org/exceptions/no_such_element.html
Build info: version: '2.48.2', revision: '41bccdd', time: '2015-10-09 19:59:12'
System info: host: 'autobox-VirtualBox', ip: '127.0.1.1', os.name: 'Linux', os.arch: 'amd64', os.version: '4.2.0-18-generic', java.version: '1.7.0_85'
Driver info: driver.version: unknown
09:12:24.505 INFO - Executing: [execute script: var passedArgs = Array.prototype.slice.call(arguments,0); return function () {
        return document.querySelector("meta[content='Error Document']");
      }.apply(window, passedArgs);, []])
09:12:24.529 INFO - Done: [execute script: var passedArgs = Array.prototype.slice.call(arguments,0); return function () {
        return document.querySelector("meta[content='Error Document']");
      }.apply(window, passedArgs);, []]
09:12:24.532 INFO - Executing: [get: https://aoda.web.uoguelph.ca/aodademo/listing-pages])
09:12:25.269 INFO - Done: [get: https://aoda.web.uoguelph.ca/aodademo/listing-pages]
09:12:26.275 INFO - Executing: [find element: By.cssSelector: div.field-item.even a[href='https://aoda.web.uoguelph.ca/aodademo/people?page=5']])
09:12:26.555 WARN - Exception thrown
org.openqa.selenium.NoSuchElementException: Unable to locate element: {"method":"css selector","selector":"div.field-item.even a[href='https://aoda.web.uoguelph.ca/aodademo/people?page=5']"}
Command duration or timeout: 16 milliseconds
For documentation on this error, please visit: http://seleniumhq.org/exceptions/no_such_element.html
Build info: version: '2.48.2', revision: '41bccdd', time: '2015-10-09 19:59:12'
System info: host: 'autobox-VirtualBox', ip: '127.0.1.1', os.name: 'Linux', os.arch: 'amd64', os.version: '4.2.0-18-generic', java.version: '1.7.0_85'
*** Element info: {Using=css selector, value=div.field-item.even a[href='https://aoda.web.uoguelph.ca/aodademo/people?page=5']}
Session ID: 5ac142b8-6cb5-4610-98a1-75279a38d4c5
Driver info: org.openqa.selenium.firefox.FirefoxDriver
Capabilities [{platform=LINUX, acceptSslCerts=true, javascriptEnabled=true, cssSelectorsEnabled=true, databaseEnabled=true, browserName=firefox, handlesAlerts=true, nativeEvents=false, webStorageEnabled=true, rotatable=false, locationContextEnabled=true, applicationCacheEnabled=true, takesScreenshot=true, version=42.0}]
	at sun.reflect.NativeConstructorAccessorImpl.newInstance0(Native Method)
	at sun.reflect.NativeConstructorAccessorImpl.newInstance(NativeConstructorAccessorImpl.java:57)
	at sun.reflect.DelegatingConstructorAccessorImpl.newInstance(DelegatingConstructorAccessorImpl.java:45)
	at java.lang.reflect.Constructor.newInstance(Constructor.java:526)
	at org.openqa.selenium.remote.ErrorHandler.createThrowable(ErrorHandler.java:206)
	at org.openqa.selenium.remote.ErrorHandler.throwIfResponseFailed(ErrorHandler.java:158)
	at org.openqa.selenium.remote.RemoteWebDriver.execute(RemoteWebDriver.java:647)
	at org.openqa.selenium.remote.RemoteWebDriver.findElement(RemoteWebDriver.java:353)
	at org.openqa.selenium.remote.RemoteWebDriver.findElementByCssSelector(RemoteWebDriver.java:482)
	at org.openqa.selenium.By$ByCssSelector.findElement(By.java:430)
	at org.openqa.selenium.remote.RemoteWebDriver.findElement(RemoteWebDriver.java:345)
	at sun.reflect.GeneratedMethodAccessor18.invoke(Unknown Source)
	at sun.reflect.DelegatingMethodAccessorImpl.invoke(DelegatingMethodAccessorImpl.java:43)
	at java.lang.reflect.Method.invoke(Method.java:606)
	at org.openqa.selenium.support.events.EventFiringWebDriver$2.invoke(EventFiringWebDriver.java:102)
	at com.sun.proxy.$Proxy1.findElement(Unknown Source)
	at org.openqa.selenium.support.events.EventFiringWebDriver.findElement(EventFiringWebDriver.java:187)
	at org.openqa.selenium.remote.server.handler.FindElement.call(FindElement.java:48)
	at org.openqa.selenium.remote.server.handler.FindElement.call(FindElement.java:1)
	at java.util.concurrent.FutureTask.run(FutureTask.java:262)
	at org.openqa.selenium.remote.server.DefaultSession$1.run(DefaultSession.java:176)
	at java.util.concurrent.ThreadPoolExecutor.runWorker(ThreadPoolExecutor.java:1145)
	at java.util.concurrent.ThreadPoolExecutor$Worker.run(ThreadPoolExecutor.java:615)
	at java.lang.Thread.run(Thread.java:745)
Caused by: org.openqa.selenium.NoSuchElementException: Unable to locate element: {"method":"css selector","selector":"div.field-item.even a[href='https://aoda.web.uoguelph.ca/aodademo/people?page=5']"}
For documentation on this error, please visit: http://seleniumhq.org/exceptions/no_such_element.html
Build info: version: '2.48.2', revision: '41bccdd', time: '2015-10-09 19:59:12'
System info: host: 'autobox-VirtualBox', ip: '127.0.1.1', os.name: 'Linux', os.arch: 'amd64', os.version: '4.2.0-18-generic', java.version: '1.7.0_85'
Driver info: driver.version: unknown
	at <anonymous class>.FirefoxDriver.prototype.findElementInternal_(file:///tmp/anonymous6693958213039018232webdriver-profile/extensions/fxdriver@googlecode.com/components/driver-component.js:10659)
	at <anonymous class>.FirefoxDriver.prototype.findElement(file:///tmp/anonymous6693958213039018232webdriver-profile/extensions/fxdriver@googlecode.com/components/driver-component.js:10668)
	at <anonymous class>.DelayedCommand.prototype.executeInternal_/h(file:///tmp/anonymous6693958213039018232webdriver-profile/extensions/fxdriver@googlecode.com/components/command-processor.js:12534)
	at <anonymous class>.DelayedCommand.prototype.executeInternal_(file:///tmp/anonymous6693958213039018232webdriver-profile/extensions/fxdriver@googlecode.com/components/command-processor.js:12539)
	at <anonymous class>.DelayedCommand.prototype.execute/<(file:///tmp/anonymous6693958213039018232webdriver-profile/extensions/fxdriver@googlecode.com/components/command-processor.js:12481)
09:12:26.556 WARN - Exception: Unable to locate element: {"method":"css selector","selector":"div.field-item.even a[href='https://aoda.web.uoguelph.ca/aodademo/people?page=5']"}
For documentation on this error, please visit: http://seleniumhq.org/exceptions/no_such_element.html
Build info: version: '2.48.2', revision: '41bccdd', time: '2015-10-09 19:59:12'
System info: host: 'autobox-VirtualBox', ip: '127.0.1.1', os.name: 'Linux', os.arch: 'amd64', os.version: '4.2.0-18-generic', java.version: '1.7.0_85'
Driver info: driver.version: unknown
09:12:27.592 INFO - Executing: [execute script: var passedArgs = Array.prototype.slice.call(arguments,0); return function () {
        return document.querySelector("meta[content='Error Document']");
      }.apply(window, passedArgs);, []])
09:12:27.614 INFO - Done: [execute script: var passedArgs = Array.prototype.slice.call(arguments,0); return function () {
        return document.querySelector("meta[content='Error Document']");
      }.apply(window, passedArgs);, []]
09:12:27.620 INFO - Executing: [get: https://aoda.web.uoguelph.ca/aodademo/listing-pages])
09:12:28.432 INFO - Done: [get: https://aoda.web.uoguelph.ca/aodademo/listing-pages]
09:12:29.439 INFO - Executing: [find element: By.cssSelector: div.field-item.even a[href='https://aoda.web.uoguelph.ca/aodademo/people?page=6']])
09:12:29.723 WARN - Exception thrown
org.openqa.selenium.NoSuchElementException: Unable to locate element: {"method":"css selector","selector":"div.field-item.even a[href='https://aoda.web.uoguelph.ca/aodademo/people?page=6']"}
Command duration or timeout: 21 milliseconds
For documentation on this error, please visit: http://seleniumhq.org/exceptions/no_such_element.html
Build info: version: '2.48.2', revision: '41bccdd', time: '2015-10-09 19:59:12'
System info: host: 'autobox-VirtualBox', ip: '127.0.1.1', os.name: 'Linux', os.arch: 'amd64', os.version: '4.2.0-18-generic', java.version: '1.7.0_85'
*** Element info: {Using=css selector, value=div.field-item.even a[href='https://aoda.web.uoguelph.ca/aodademo/people?page=6']}
Session ID: 5ac142b8-6cb5-4610-98a1-75279a38d4c5
Driver info: org.openqa.selenium.firefox.FirefoxDriver
Capabilities [{platform=LINUX, acceptSslCerts=true, javascriptEnabled=true, cssSelectorsEnabled=true, databaseEnabled=true, browserName=firefox, handlesAlerts=true, nativeEvents=false, webStorageEnabled=true, rotatable=false, locationContextEnabled=true, applicationCacheEnabled=true, takesScreenshot=true, version=42.0}]
	at sun.reflect.NativeConstructorAccessorImpl.newInstance0(Native Method)
	at sun.reflect.NativeConstructorAccessorImpl.newInstance(NativeConstructorAccessorImpl.java:57)
	at sun.reflect.DelegatingConstructorAccessorImpl.newInstance(DelegatingConstructorAccessorImpl.java:45)
	at java.lang.reflect.Constructor.newInstance(Constructor.java:526)
	at org.openqa.selenium.remote.ErrorHandler.createThrowable(ErrorHandler.java:206)
	at org.openqa.selenium.remote.ErrorHandler.throwIfResponseFailed(ErrorHandler.java:158)
	at org.openqa.selenium.remote.RemoteWebDriver.execute(RemoteWebDriver.java:647)
	at org.openqa.selenium.remote.RemoteWebDriver.findElement(RemoteWebDriver.java:353)
	at org.openqa.selenium.remote.RemoteWebDriver.findElementByCssSelector(RemoteWebDriver.java:482)
	at org.openqa.selenium.By$ByCssSelector.findElement(By.java:430)
	at org.openqa.selenium.remote.RemoteWebDriver.findElement(RemoteWebDriver.java:345)
	at sun.reflect.GeneratedMethodAccessor18.invoke(Unknown Source)
	at sun.reflect.DelegatingMethodAccessorImpl.invoke(DelegatingMethodAccessorImpl.java:43)
	at java.lang.reflect.Method.invoke(Method.java:606)
	at org.openqa.selenium.support.events.EventFiringWebDriver$2.invoke(EventFiringWebDriver.java:102)
	at com.sun.proxy.$Proxy1.findElement(Unknown Source)
	at org.openqa.selenium.support.events.EventFiringWebDriver.findElement(EventFiringWebDriver.java:187)
	at org.openqa.selenium.remote.server.handler.FindElement.call(FindElement.java:48)
	at org.openqa.selenium.remote.server.handler.FindElement.call(FindElement.java:1)
	at java.util.concurrent.FutureTask.run(FutureTask.java:262)
	at org.openqa.selenium.remote.server.DefaultSession$1.run(DefaultSession.java:176)
	at java.util.concurrent.ThreadPoolExecutor.runWorker(ThreadPoolExecutor.java:1145)
	at java.util.concurrent.ThreadPoolExecutor$Worker.run(ThreadPoolExecutor.java:615)
	at java.lang.Thread.run(Thread.java:745)
Caused by: org.openqa.selenium.NoSuchElementException: Unable to locate element: {"method":"css selector","selector":"div.field-item.even a[href='https://aoda.web.uoguelph.ca/aodademo/people?page=6']"}
For documentation on this error, please visit: http://seleniumhq.org/exceptions/no_such_element.html
Build info: version: '2.48.2', revision: '41bccdd', time: '2015-10-09 19:59:12'
System info: host: 'autobox-VirtualBox', ip: '127.0.1.1', os.name: 'Linux', os.arch: 'amd64', os.version: '4.2.0-18-generic', java.version: '1.7.0_85'
Driver info: driver.version: unknown
	at <anonymous class>.FirefoxDriver.prototype.findElementInternal_(file:///tmp/anonymous6693958213039018232webdriver-profile/extensions/fxdriver@googlecode.com/components/driver-component.js:10659)
	at <anonymous class>.FirefoxDriver.prototype.findElement(file:///tmp/anonymous6693958213039018232webdriver-profile/extensions/fxdriver@googlecode.com/components/driver-component.js:10668)
	at <anonymous class>.DelayedCommand.prototype.executeInternal_/h(file:///tmp/anonymous6693958213039018232webdriver-profile/extensions/fxdriver@googlecode.com/components/command-processor.js:12534)
	at <anonymous class>.DelayedCommand.prototype.executeInternal_(file:///tmp/anonymous6693958213039018232webdriver-profile/extensions/fxdriver@googlecode.com/components/command-processor.js:12539)
	at <anonymous class>.DelayedCommand.prototype.execute/<(file:///tmp/anonymous6693958213039018232webdriver-profile/extensions/fxdriver@googlecode.com/components/command-processor.js:12481)
09:12:29.724 WARN - Exception: Unable to locate element: {"method":"css selector","selector":"div.field-item.even a[href='https://aoda.web.uoguelph.ca/aodademo/people?page=6']"}
For documentation on this error, please visit: http://seleniumhq.org/exceptions/no_such_element.html
Build info: version: '2.48.2', revision: '41bccdd', time: '2015-10-09 19:59:12'
System info: host: 'autobox-VirtualBox', ip: '127.0.1.1', os.name: 'Linux', os.arch: 'amd64', os.version: '4.2.0-18-generic', java.version: '1.7.0_85'
Driver info: driver.version: unknown
09:12:30.753 INFO - Executing: [execute script: var passedArgs = Array.prototype.slice.call(arguments,0); return function () {
        return document.querySelector("meta[content='Error Document']");
      }.apply(window, passedArgs);, []])
09:12:30.773 INFO - Done: [execute script: var passedArgs = Array.prototype.slice.call(arguments,0); return function () {
        return document.querySelector("meta[content='Error Document']");
      }.apply(window, passedArgs);, []]
09:12:30.776 INFO - Executing: [get: https://aoda.web.uoguelph.ca/aodademo/listing-pages])
09:12:31.549 INFO - Done: [get: https://aoda.web.uoguelph.ca/aodademo/listing-pages]
09:12:32.556 INFO - Executing: [find element: By.cssSelector: div.field-item.even a[href='https://aoda.web.uoguelph.ca/aodademo/people?page=7']])
09:12:32.836 WARN - Exception thrown
org.openqa.selenium.NoSuchElementException: Unable to locate element: {"method":"css selector","selector":"div.field-item.even a[href='https://aoda.web.uoguelph.ca/aodademo/people?page=7']"}
Command duration or timeout: 16 milliseconds
For documentation on this error, please visit: http://seleniumhq.org/exceptions/no_such_element.html
Build info: version: '2.48.2', revision: '41bccdd', time: '2015-10-09 19:59:12'
System info: host: 'autobox-VirtualBox', ip: '127.0.1.1', os.name: 'Linux', os.arch: 'amd64', os.version: '4.2.0-18-generic', java.version: '1.7.0_85'
*** Element info: {Using=css selector, value=div.field-item.even a[href='https://aoda.web.uoguelph.ca/aodademo/people?page=7']}
Session ID: 5ac142b8-6cb5-4610-98a1-75279a38d4c5
Driver info: org.openqa.selenium.firefox.FirefoxDriver
Capabilities [{platform=LINUX, acceptSslCerts=true, javascriptEnabled=true, cssSelectorsEnabled=true, databaseEnabled=true, browserName=firefox, handlesAlerts=true, nativeEvents=false, webStorageEnabled=true, rotatable=false, locationContextEnabled=true, applicationCacheEnabled=true, takesScreenshot=true, version=42.0}]
	at sun.reflect.NativeConstructorAccessorImpl.newInstance0(Native Method)
	at sun.reflect.NativeConstructorAccessorImpl.newInstance(NativeConstructorAccessorImpl.java:57)
	at sun.reflect.DelegatingConstructorAccessorImpl.newInstance(DelegatingConstructorAccessorImpl.java:45)
	at java.lang.reflect.Constructor.newInstance(Constructor.java:526)
	at org.openqa.selenium.remote.ErrorHandler.createThrowable(ErrorHandler.java:206)
	at org.openqa.selenium.remote.ErrorHandler.throwIfResponseFailed(ErrorHandler.java:158)
	at org.openqa.selenium.remote.RemoteWebDriver.execute(RemoteWebDriver.java:647)
	at org.openqa.selenium.remote.RemoteWebDriver.findElement(RemoteWebDriver.java:353)
	at org.openqa.selenium.remote.RemoteWebDriver.findElementByCssSelector(RemoteWebDriver.java:482)
	at org.openqa.selenium.By$ByCssSelector.findElement(By.java:430)
	at org.openqa.selenium.remote.RemoteWebDriver.findElement(RemoteWebDriver.java:345)
	at sun.reflect.GeneratedMethodAccessor18.invoke(Unknown Source)
	at sun.reflect.DelegatingMethodAccessorImpl.invoke(DelegatingMethodAccessorImpl.java:43)
	at java.lang.reflect.Method.invoke(Method.java:606)
	at org.openqa.selenium.support.events.EventFiringWebDriver$2.invoke(EventFiringWebDriver.java:102)
	at com.sun.proxy.$Proxy1.findElement(Unknown Source)
	at org.openqa.selenium.support.events.EventFiringWebDriver.findElement(EventFiringWebDriver.java:187)
	at org.openqa.selenium.remote.server.handler.FindElement.call(FindElement.java:48)
	at org.openqa.selenium.remote.server.handler.FindElement.call(FindElement.java:1)
	at java.util.concurrent.FutureTask.run(FutureTask.java:262)
	at org.openqa.selenium.remote.server.DefaultSession$1.run(DefaultSession.java:176)
	at java.util.concurrent.ThreadPoolExecutor.runWorker(ThreadPoolExecutor.java:1145)
	at java.util.concurrent.ThreadPoolExecutor$Worker.run(ThreadPoolExecutor.java:615)
	at java.lang.Thread.run(Thread.java:745)
Caused by: org.openqa.selenium.NoSuchElementException: Unable to locate element: {"method":"css selector","selector":"div.field-item.even a[href='https://aoda.web.uoguelph.ca/aodademo/people?page=7']"}
For documentation on this error, please visit: http://seleniumhq.org/exceptions/no_such_element.html
Build info: version: '2.48.2', revision: '41bccdd', time: '2015-10-09 19:59:12'
System info: host: 'autobox-VirtualBox', ip: '127.0.1.1', os.name: 'Linux', os.arch: 'amd64', os.version: '4.2.0-18-generic', java.version: '1.7.0_85'
Driver info: driver.version: unknown
	at <anonymous class>.FirefoxDriver.prototype.findElementInternal_(file:///tmp/anonymous6693958213039018232webdriver-profile/extensions/fxdriver@googlecode.com/components/driver-component.js:10659)
	at <anonymous class>.FirefoxDriver.prototype.findElement(file:///tmp/anonymous6693958213039018232webdriver-profile/extensions/fxdriver@googlecode.com/components/driver-component.js:10668)
	at <anonymous class>.DelayedCommand.prototype.executeInternal_/h(file:///tmp/anonymous6693958213039018232webdriver-profile/extensions/fxdriver@googlecode.com/components/command-processor.js:12534)
	at <anonymous class>.DelayedCommand.prototype.executeInternal_(file:///tmp/anonymous6693958213039018232webdriver-profile/extensions/fxdriver@googlecode.com/components/command-processor.js:12539)
	at <anonymous class>.DelayedCommand.prototype.execute/<(file:///tmp/anonymous6693958213039018232webdriver-profile/extensions/fxdriver@googlecode.com/components/command-processor.js:12481)
09:12:32.837 WARN - Exception: Unable to locate element: {"method":"css selector","selector":"div.field-item.even a[href='https://aoda.web.uoguelph.ca/aodademo/people?page=7']"}
For documentation on this error, please visit: http://seleniumhq.org/exceptions/no_such_element.html
Build info: version: '2.48.2', revision: '41bccdd', time: '2015-10-09 19:59:12'
System info: host: 'autobox-VirtualBox', ip: '127.0.1.1', os.name: 'Linux', os.arch: 'amd64', os.version: '4.2.0-18-generic', java.version: '1.7.0_85'
Driver info: driver.version: unknown
09:12:33.870 INFO - Executing: [execute script: var passedArgs = Array.prototype.slice.call(arguments,0); return function () {
        return document.querySelector("meta[content='Error Document']");
      }.apply(window, passedArgs);, []])
09:12:33.883 INFO - Done: [execute script: var passedArgs = Array.prototype.slice.call(arguments,0); return function () {
        return document.querySelector("meta[content='Error Document']");
      }.apply(window, passedArgs);, []]
09:12:33.886 INFO - Executing: [get: https://aoda.web.uoguelph.ca/aodademo/listing-pages])
09:12:34.660 INFO - Done: [get: https://aoda.web.uoguelph.ca/aodademo/listing-pages]
09:12:35.666 INFO - Executing: [find element: By.cssSelector: div.field-item.even a[href='https://aoda.web.uoguelph.ca/aodademo/people?page=8']])
09:12:35.898 WARN - Exception thrown
org.openqa.selenium.NoSuchElementException: Unable to locate element: {"method":"css selector","selector":"div.field-item.even a[href='https://aoda.web.uoguelph.ca/aodademo/people?page=8']"}
Command duration or timeout: 21 milliseconds
For documentation on this error, please visit: http://seleniumhq.org/exceptions/no_such_element.html
Build info: version: '2.48.2', revision: '41bccdd', time: '2015-10-09 19:59:12'
System info: host: 'autobox-VirtualBox', ip: '127.0.1.1', os.name: 'Linux', os.arch: 'amd64', os.version: '4.2.0-18-generic', java.version: '1.7.0_85'
*** Element info: {Using=css selector, value=div.field-item.even a[href='https://aoda.web.uoguelph.ca/aodademo/people?page=8']}
Session ID: 5ac142b8-6cb5-4610-98a1-75279a38d4c5
Driver info: org.openqa.selenium.firefox.FirefoxDriver
Capabilities [{platform=LINUX, acceptSslCerts=true, javascriptEnabled=true, cssSelectorsEnabled=true, databaseEnabled=true, browserName=firefox, handlesAlerts=true, nativeEvents=false, webStorageEnabled=true, rotatable=false, locationContextEnabled=true, applicationCacheEnabled=true, takesScreenshot=true, version=42.0}]
	at sun.reflect.NativeConstructorAccessorImpl.newInstance0(Native Method)
	at sun.reflect.NativeConstructorAccessorImpl.newInstance(NativeConstructorAccessorImpl.java:57)
	at sun.reflect.DelegatingConstructorAccessorImpl.newInstance(DelegatingConstructorAccessorImpl.java:45)
	at java.lang.reflect.Constructor.newInstance(Constructor.java:526)
	at org.openqa.selenium.remote.ErrorHandler.createThrowable(ErrorHandler.java:206)
	at org.openqa.selenium.remote.ErrorHandler.throwIfResponseFailed(ErrorHandler.java:158)
	at org.openqa.selenium.remote.RemoteWebDriver.execute(RemoteWebDriver.java:647)
	at org.openqa.selenium.remote.RemoteWebDriver.findElement(RemoteWebDriver.java:353)
	at org.openqa.selenium.remote.RemoteWebDriver.findElementByCssSelector(RemoteWebDriver.java:482)
	at org.openqa.selenium.By$ByCssSelector.findElement(By.java:430)
	at org.openqa.selenium.remote.RemoteWebDriver.findElement(RemoteWebDriver.java:345)
	at sun.reflect.GeneratedMethodAccessor18.invoke(Unknown Source)
	at sun.reflect.DelegatingMethodAccessorImpl.invoke(DelegatingMethodAccessorImpl.java:43)
	at java.lang.reflect.Method.invoke(Method.java:606)
	at org.openqa.selenium.support.events.EventFiringWebDriver$2.invoke(EventFiringWebDriver.java:102)
	at com.sun.proxy.$Proxy1.findElement(Unknown Source)
	at org.openqa.selenium.support.events.EventFiringWebDriver.findElement(EventFiringWebDriver.java:187)
	at org.openqa.selenium.remote.server.handler.FindElement.call(FindElement.java:48)
	at org.openqa.selenium.remote.server.handler.FindElement.call(FindElement.java:1)
	at java.util.concurrent.FutureTask.run(FutureTask.java:262)
	at org.openqa.selenium.remote.server.DefaultSession$1.run(DefaultSession.java:176)
	at java.util.concurrent.ThreadPoolExecutor.runWorker(ThreadPoolExecutor.java:1145)
	at java.util.concurrent.ThreadPoolExecutor$Worker.run(ThreadPoolExecutor.java:615)
	at java.lang.Thread.run(Thread.java:745)
Caused by: org.openqa.selenium.NoSuchElementException: Unable to locate element: {"method":"css selector","selector":"div.field-item.even a[href='https://aoda.web.uoguelph.ca/aodademo/people?page=8']"}
For documentation on this error, please visit: http://seleniumhq.org/exceptions/no_such_element.html
Build info: version: '2.48.2', revision: '41bccdd', time: '2015-10-09 19:59:12'
System info: host: 'autobox-VirtualBox', ip: '127.0.1.1', os.name: 'Linux', os.arch: 'amd64', os.version: '4.2.0-18-generic', java.version: '1.7.0_85'
Driver info: driver.version: unknown
	at <anonymous class>.FirefoxDriver.prototype.findElementInternal_(file:///tmp/anonymous6693958213039018232webdriver-profile/extensions/fxdriver@googlecode.com/components/driver-component.js:10659)
	at <anonymous class>.FirefoxDriver.prototype.findElement(file:///tmp/anonymous6693958213039018232webdriver-profile/extensions/fxdriver@googlecode.com/components/driver-component.js:10668)
	at <anonymous class>.DelayedCommand.prototype.executeInternal_/h(file:///tmp/anonymous6693958213039018232webdriver-profile/extensions/fxdriver@googlecode.com/components/command-processor.js:12534)
	at <anonymous class>.DelayedCommand.prototype.executeInternal_(file:///tmp/anonymous6693958213039018232webdriver-profile/extensions/fxdriver@googlecode.com/components/command-processor.js:12539)
	at <anonymous class>.DelayedCommand.prototype.execute/<(file:///tmp/anonymous6693958213039018232webdriver-profile/extensions/fxdriver@googlecode.com/components/command-processor.js:12481)
09:12:35.900 WARN - Exception: Unable to locate element: {"method":"css selector","selector":"div.field-item.even a[href='https://aoda.web.uoguelph.ca/aodademo/people?page=8']"}
For documentation on this error, please visit: http://seleniumhq.org/exceptions/no_such_element.html
Build info: version: '2.48.2', revision: '41bccdd', time: '2015-10-09 19:59:12'
System info: host: 'autobox-VirtualBox', ip: '127.0.1.1', os.name: 'Linux', os.arch: 'amd64', os.version: '4.2.0-18-generic', java.version: '1.7.0_85'
Driver info: driver.version: unknown
09:12:36.933 INFO - Executing: [execute script: var passedArgs = Array.prototype.slice.call(arguments,0); return function () {
        return document.querySelector("meta[content='Error Document']");
      }.apply(window, passedArgs);, []])
09:12:36.975 INFO - Done: [execute script: var passedArgs = Array.prototype.slice.call(arguments,0); return function () {
        return document.querySelector("meta[content='Error Document']");
      }.apply(window, passedArgs);, []]
09:12:36.978 INFO - Executing: [get: https://aoda.web.uoguelph.ca/aodademo/listing-pages])
09:12:37.785 INFO - Done: [get: https://aoda.web.uoguelph.ca/aodademo/listing-pages]
09:12:38.791 INFO - Executing: [find element: By.cssSelector: div.field-item.even a[href='https://aoda.web.uoguelph.ca/aodademo/people?page=1']])
09:12:39.029 WARN - Exception thrown
org.openqa.selenium.NoSuchElementException: Unable to locate element: {"method":"css selector","selector":"div.field-item.even a[href='https://aoda.web.uoguelph.ca/aodademo/people?page=1']"}
Command duration or timeout: 19 milliseconds
For documentation on this error, please visit: http://seleniumhq.org/exceptions/no_such_element.html
Build info: version: '2.48.2', revision: '41bccdd', time: '2015-10-09 19:59:12'
System info: host: 'autobox-VirtualBox', ip: '127.0.1.1', os.name: 'Linux', os.arch: 'amd64', os.version: '4.2.0-18-generic', java.version: '1.7.0_85'
*** Element info: {Using=css selector, value=div.field-item.even a[href='https://aoda.web.uoguelph.ca/aodademo/people?page=1']}
Session ID: 5ac142b8-6cb5-4610-98a1-75279a38d4c5
Driver info: org.openqa.selenium.firefox.FirefoxDriver
Capabilities [{platform=LINUX, acceptSslCerts=true, javascriptEnabled=true, cssSelectorsEnabled=true, databaseEnabled=true, browserName=firefox, handlesAlerts=true, nativeEvents=false, webStorageEnabled=true, rotatable=false, locationContextEnabled=true, applicationCacheEnabled=true, takesScreenshot=true, version=42.0}]
	at sun.reflect.NativeConstructorAccessorImpl.newInstance0(Native Method)
	at sun.reflect.NativeConstructorAccessorImpl.newInstance(NativeConstructorAccessorImpl.java:57)
	at sun.reflect.DelegatingConstructorAccessorImpl.newInstance(DelegatingConstructorAccessorImpl.java:45)
	at java.lang.reflect.Constructor.newInstance(Constructor.java:526)
	at org.openqa.selenium.remote.ErrorHandler.createThrowable(ErrorHandler.java:206)
	at org.openqa.selenium.remote.ErrorHandler.throwIfResponseFailed(ErrorHandler.java:158)
	at org.openqa.selenium.remote.RemoteWebDriver.execute(RemoteWebDriver.java:647)
	at org.openqa.selenium.remote.RemoteWebDriver.findElement(RemoteWebDriver.java:353)
	at org.openqa.selenium.remote.RemoteWebDriver.findElementByCssSelector(RemoteWebDriver.java:482)
	at org.openqa.selenium.By$ByCssSelector.findElement(By.java:430)
	at org.openqa.selenium.remote.RemoteWebDriver.findElement(RemoteWebDriver.java:345)
	at sun.reflect.GeneratedMethodAccessor18.invoke(Unknown Source)
	at sun.reflect.DelegatingMethodAccessorImpl.invoke(DelegatingMethodAccessorImpl.java:43)
	at java.lang.reflect.Method.invoke(Method.java:606)
	at org.openqa.selenium.support.events.EventFiringWebDriver$2.invoke(EventFiringWebDriver.java:102)
	at com.sun.proxy.$Proxy1.findElement(Unknown Source)
	at org.openqa.selenium.support.events.EventFiringWebDriver.findElement(EventFiringWebDriver.java:187)
	at org.openqa.selenium.remote.server.handler.FindElement.call(FindElement.java:48)
	at org.openqa.selenium.remote.server.handler.FindElement.call(FindElement.java:1)
	at java.util.concurrent.FutureTask.run(FutureTask.java:262)
	at org.openqa.selenium.remote.server.DefaultSession$1.run(DefaultSession.java:176)
	at java.util.concurrent.ThreadPoolExecutor.runWorker(ThreadPoolExecutor.java:1145)
	at java.util.concurrent.ThreadPoolExecutor$Worker.run(ThreadPoolExecutor.java:615)
	at java.lang.Thread.run(Thread.java:745)
Caused by: org.openqa.selenium.NoSuchElementException: Unable to locate element: {"method":"css selector","selector":"div.field-item.even a[href='https://aoda.web.uoguelph.ca/aodademo/people?page=1']"}
For documentation on this error, please visit: http://seleniumhq.org/exceptions/no_such_element.html
Build info: version: '2.48.2', revision: '41bccdd', time: '2015-10-09 19:59:12'
System info: host: 'autobox-VirtualBox', ip: '127.0.1.1', os.name: 'Linux', os.arch: 'amd64', os.version: '4.2.0-18-generic', java.version: '1.7.0_85'
Driver info: driver.version: unknown
	at <anonymous class>.FirefoxDriver.prototype.findElementInternal_(file:///tmp/anonymous6693958213039018232webdriver-profile/extensions/fxdriver@googlecode.com/components/driver-component.js:10659)
	at <anonymous class>.FirefoxDriver.prototype.findElement(file:///tmp/anonymous6693958213039018232webdriver-profile/extensions/fxdriver@googlecode.com/components/driver-component.js:10668)
	at <anonymous class>.DelayedCommand.prototype.executeInternal_/h(file:///tmp/anonymous6693958213039018232webdriver-profile/extensions/fxdriver@googlecode.com/components/command-processor.js:12534)
	at <anonymous class>.DelayedCommand.prototype.executeInternal_(file:///tmp/anonymous6693958213039018232webdriver-profile/extensions/fxdriver@googlecode.com/components/command-processor.js:12539)
	at <anonymous class>.DelayedCommand.prototype.execute/<(file:///tmp/anonymous6693958213039018232webdriver-profile/extensions/fxdriver@googlecode.com/components/command-processor.js:12481)
09:12:39.030 WARN - Exception: Unable to locate element: {"method":"css selector","selector":"div.field-item.even a[href='https://aoda.web.uoguelph.ca/aodademo/people?page=1']"}
For documentation on this error, please visit: http://seleniumhq.org/exceptions/no_such_element.html
Build info: version: '2.48.2', revision: '41bccdd', time: '2015-10-09 19:59:12'
System info: host: 'autobox-VirtualBox', ip: '127.0.1.1', os.name: 'Linux', os.arch: 'amd64', os.version: '4.2.0-18-generic', java.version: '1.7.0_85'
Driver info: driver.version: unknown
09:12:40.071 INFO - Executing: [execute script: var passedArgs = Array.prototype.slice.call(arguments,0); return function () {
        return document.querySelector("meta[content='Error Document']");
      }.apply(window, passedArgs);, []])
09:12:40.094 INFO - Done: [execute script: var passedArgs = Array.prototype.slice.call(arguments,0); return function () {
        return document.querySelector("meta[content='Error Document']");
      }.apply(window, passedArgs);, []]
09:12:40.099 INFO - Executing: [get: https://aoda.web.uoguelph.ca/aodademo/listing-pages])
09:12:40.872 INFO - Done: [get: https://aoda.web.uoguelph.ca/aodademo/listing-pages]
09:12:41.896 INFO - Executing: [get: https://aoda.web.uoguelph.ca/aodademo/listing-page-people-profiles])
09:12:42.744 INFO - Done: [get: https://aoda.web.uoguelph.ca/aodademo/listing-page-people-profiles]
09:12:43.752 INFO - Executing: [get current url])
09:12:43.773 INFO - Done: [get current url]
09:12:43.784 INFO - Executing: [find elements: By.cssSelector: body])
09:12:43.796 INFO - Done: [find elements: By.cssSelector: body]
09:12:43.798 INFO - Executing: [is displayed: 14 [[FirefoxDriver: firefox on LINUX (5ac142b8-6cb5-4610-98a1-75279a38d4c5)] -> css selector: body]])
09:12:43.805 INFO - Done: [is displayed: 14 [[FirefoxDriver: firefox on LINUX (5ac142b8-6cb5-4610-98a1-75279a38d4c5)] -> css selector: body]]
09:12:43.810 INFO - Executing: [delete session: 110bbcef-2d8c-4965-bb9c-e5117757d22d])
09:12:43.888 INFO - Done: [delete session: 110bbcef-2d8c-4965-bb9c-e5117757d22d]
09:12:44.026 INFO - Executing: [new session: Capabilities [{platform=ANY, acceptSslCerts=true, javascriptEnabled=true, browserName=firefox, name=Comparison / Title Compare}]])
09:12:44.027 INFO - Creating a new session for Capabilities [{platform=ANY, acceptSslCerts=true, javascriptEnabled=true, browserName=firefox, name=Comparison / Title Compare}]
09:12:46.293 INFO - Done: [new session: Capabilities [{platform=ANY, acceptSslCerts=true, javascriptEnabled=true, browserName=firefox, name=Comparison / Title Compare}]]
09:12:46.296 INFO - Executing: [get: https://aoda.web.uoguelph.ca/aodademo/listing-page-people-profiles])
09:12:46.437 INFO - Done: [get: https://aoda.web.uoguelph.ca/aodademo/listing-page-people-profiles]
09:12:46.440 INFO - Executing: [get current url])
09:12:48.794 INFO - Done: [get current url]
09:12:48.798 INFO - Executing: [find elements: By.xpath: //body])
09:12:48.906 INFO - Done: [find elements: By.xpath: //body]
09:12:48.909 INFO - Executing: [is displayed: 0 [[FirefoxDriver: firefox on LINUX (e4728de9-af1e-4543-bcd2-5dfbfe4caade)] -> xpath: //body]])
09:12:48.936 INFO - Done: [is displayed: 0 [[FirefoxDriver: firefox on LINUX (e4728de9-af1e-4543-bcd2-5dfbfe4caade)] -> xpath: //body]]
09:12:48.941 INFO - Executing: [find elements: By.xpath: //h1])
09:12:49.011 INFO - Done: [find elements: By.xpath: //h1]
09:12:49.013 INFO - Executing: [is displayed: 1 [[FirefoxDriver: firefox on LINUX (e4728de9-af1e-4543-bcd2-5dfbfe4caade)] -> xpath: //h1]])
09:12:49.034 INFO - Done: [is displayed: 1 [[FirefoxDriver: firefox on LINUX (e4728de9-af1e-4543-bcd2-5dfbfe4caade)] -> xpath: //h1]]
09:12:49.044 INFO - Executing: [find element: By.xpath: //h1])
09:12:49.070 INFO - Done: [find element: By.xpath: //h1]
09:12:49.073 INFO - Executing: [get text: 1 [[FirefoxDriver: firefox on LINUX (e4728de9-af1e-4543-bcd2-5dfbfe4caade)] -> xpath: //h1]])
09:12:49.091 INFO - Done: [get text: 1 [[FirefoxDriver: firefox on LINUX (e4728de9-af1e-4543-bcd2-5dfbfe4caade)] -> xpath: //h1]]
09:12:49.097 INFO - Executing: [get: https://aoda.web.uoguelph.ca/aodademo/listing-pages])
09:12:50.003 INFO - Done: [get: https://aoda.web.uoguelph.ca/aodademo/listing-pages]
09:12:50.007 INFO - Executing: [get current url])
09:12:50.022 INFO - Done: [get current url]
09:12:50.026 INFO - Executing: [find elements: By.xpath: //body])
09:12:50.059 INFO - Done: [find elements: By.xpath: //body]
09:12:50.063 INFO - Executing: [is displayed: 5 [[FirefoxDriver: firefox on LINUX (e4728de9-af1e-4543-bcd2-5dfbfe4caade)] -> xpath: //body]])
09:12:50.076 INFO - Done: [is displayed: 5 [[FirefoxDriver: firefox on LINUX (e4728de9-af1e-4543-bcd2-5dfbfe4caade)] -> xpath: //body]]
09:12:51.083 INFO - Executing: [find elements: By.xpath: //h1])
09:12:51.116 INFO - Done: [find elements: By.xpath: //h1]
09:12:51.119 INFO - Executing: [is displayed: 6 [[FirefoxDriver: firefox on LINUX (e4728de9-af1e-4543-bcd2-5dfbfe4caade)] -> xpath: //h1]])
09:12:51.134 INFO - Done: [is displayed: 6 [[FirefoxDriver: firefox on LINUX (e4728de9-af1e-4543-bcd2-5dfbfe4caade)] -> xpath: //h1]]
09:12:51.141 INFO - Executing: [find element: By.xpath: //h1])
09:12:51.156 INFO - Done: [find element: By.xpath: //h1]
09:12:51.165 INFO - Executing: [get text: 6 [[FirefoxDriver: firefox on LINUX (e4728de9-af1e-4543-bcd2-5dfbfe4caade)] -> xpath: //h1]])
09:12:51.178 INFO - Done: [get text: 6 [[FirefoxDriver: firefox on LINUX (e4728de9-af1e-4543-bcd2-5dfbfe4caade)] -> xpath: //h1]]
09:12:51.194 INFO - Executing: [delete session: b9b1d497-9fcb-427e-87e4-bf02f4052e03])
09:12:51.268 INFO - Done: [delete session: b9b1d497-9fcb-427e-87e4-bf02f4052e03]
09:12:51.389 INFO - Executing: [new session: Capabilities [{platform=ANY, acceptSslCerts=true, javascriptEnabled=true, browserName=firefox, name=Functional / Font Styles}]])
09:12:51.393 INFO - Creating a new session for Capabilities [{platform=ANY, acceptSslCerts=true, javascriptEnabled=true, browserName=firefox, name=Functional / Font Styles}]
09:12:53.677 INFO - Done: [new session: Capabilities [{platform=ANY, acceptSslCerts=true, javascriptEnabled=true, browserName=firefox, name=Functional / Font Styles}]]
09:12:53.681 INFO - Executing: [get: https://aoda.web.uoguelph.ca/aodademo/listing-page-people-profiles])
09:12:53.826 INFO - Done: [get: https://aoda.web.uoguelph.ca/aodademo/listing-page-people-profiles]
09:12:53.829 INFO - Executing: [get current url])
09:12:55.838 INFO - Done: [get current url]
09:12:55.842 INFO - Executing: [find elements: By.cssSelector: body])
09:12:55.898 INFO - Done: [find elements: By.cssSelector: body]
09:12:55.901 INFO - Executing: [is displayed: 0 [[FirefoxDriver: firefox on LINUX (332cefe5-987e-4aea-b1d7-1290a6e37359)] -> css selector: body]])
09:12:55.922 INFO - Done: [is displayed: 0 [[FirefoxDriver: firefox on LINUX (332cefe5-987e-4aea-b1d7-1290a6e37359)] -> css selector: body]]
09:12:55.926 INFO - Executing: [find elements: By.cssSelector: div[class='field-item even'] *[style]])
09:12:55.964 INFO - Done: [find elements: By.cssSelector: div[class='field-item even'] *[style]]
09:12:55.968 INFO - Executing: [delete session: 3bba369d-abb2-47d5-bc99-f32f3400923d])
09:12:56.059 INFO - Done: [delete session: 3bba369d-abb2-47d5-bc99-f32f3400923d]
09:12:56.174 INFO - Executing: [new session: Capabilities [{platform=ANY, acceptSslCerts=true, javascriptEnabled=true, browserName=firefox, name=Functional / Listing}]])
09:12:56.176 INFO - Creating a new session for Capabilities [{platform=ANY, acceptSslCerts=true, javascriptEnabled=true, browserName=firefox, name=Functional / Listing}]
09:12:58.488 INFO - Done: [new session: Capabilities [{platform=ANY, acceptSslCerts=true, javascriptEnabled=true, browserName=firefox, name=Functional / Listing}]]
09:12:58.494 INFO - Executing: [get: https://aoda.web.uoguelph.ca/aodademo/listing-page-people-profiles])
09:12:58.638 INFO - Done: [get: https://aoda.web.uoguelph.ca/aodademo/listing-page-people-profiles]
09:12:58.641 INFO - Executing: [get current url])
09:13:00.694 INFO - Done: [get current url]
09:13:00.697 INFO - Executing: [find elements: By.xpath: //body])
09:13:00.806 INFO - Done: [find elements: By.xpath: //body]
09:13:00.808 INFO - Executing: [is displayed: 0 [[FirefoxDriver: firefox on LINUX (7ec0badd-8da6-4eef-81f9-37c3faa41993)] -> xpath: //body]])
09:13:00.820 INFO - Done: [is displayed: 0 [[FirefoxDriver: firefox on LINUX (7ec0badd-8da6-4eef-81f9-37c3faa41993)] -> xpath: //body]]
09:13:00.824 INFO - Executing: [execute script: var passedArgs = Array.prototype.slice.call(arguments,0); return function () {
        return document.querySelectorAll('article').length;
      }.apply(window, passedArgs);, []])
09:13:00.846 INFO - Done: [execute script: var passedArgs = Array.prototype.slice.call(arguments,0); return function () {
        return document.querySelectorAll('article').length;
      }.apply(window, passedArgs);, []]
09:13:00.849 INFO - Executing: [find elements: By.xpath: //li[@class='next']/a])
09:13:00.875 INFO - Done: [find elements: By.xpath: //li[@class='next']/a]
09:13:00.878 INFO - Executing: [delete session: 2940daa9-37c9-49ba-b3eb-115031f5c810])
09:13:00.944 INFO - Done: [delete session: 2940daa9-37c9-49ba-b3eb-115031f5c810]
09:13:01.060 INFO - Executing: [new session: Capabilities [{platform=ANY, acceptSslCerts=true, javascriptEnabled=true, browserName=firefox, name=Functional / Pagination}]])
09:13:01.063 INFO - Creating a new session for Capabilities [{platform=ANY, acceptSslCerts=true, javascriptEnabled=true, browserName=firefox, name=Functional / Pagination}]
09:13:03.444 INFO - Done: [new session: Capabilities [{platform=ANY, acceptSslCerts=true, javascriptEnabled=true, browserName=firefox, name=Functional / Pagination}]]
09:13:03.449 INFO - Executing: [get: https://aoda.web.uoguelph.ca/aodademo/listing-page-people-profiles])
09:13:03.597 INFO - Done: [get: https://aoda.web.uoguelph.ca/aodademo/listing-page-people-profiles]
09:13:03.601 INFO - Executing: [get current url])
09:13:05.286 INFO - Done: [get current url]
09:13:05.289 INFO - Executing: [find elements: By.xpath: //body])
09:13:05.393 INFO - Done: [find elements: By.xpath: //body]
09:13:05.396 INFO - Executing: [is displayed: 0 [[FirefoxDriver: firefox on LINUX (d4db6cc4-dd58-4142-a213-02ccb1483c86)] -> xpath: //body]])
09:13:05.404 INFO - Done: [is displayed: 0 [[FirefoxDriver: firefox on LINUX (d4db6cc4-dd58-4142-a213-02ccb1483c86)] -> xpath: //body]]
09:13:05.409 INFO - Executing: [find elements: By.xpath: //ul[@class='pagination']])
09:13:05.436 INFO - Done: [find elements: By.xpath: //ul[@class='pagination']]
09:13:05.441 INFO - Executing: [execute script: var passedArgs = Array.prototype.slice.call(arguments,0); return function () {
        return document.querySelectorAll('li.pager-first.first').length;
      }.apply(window, passedArgs);, []])
09:13:05.457 INFO - Done: [execute script: var passedArgs = Array.prototype.slice.call(arguments,0); return function () {
        return document.querySelectorAll('li.pager-first.first').length;
      }.apply(window, passedArgs);, []]
09:13:05.461 INFO - Executing: [find element: By.xpath: //li[@class='disabled first']/span])
09:13:05.810 WARN - Exception thrown
org.openqa.selenium.NoSuchElementException: Unable to locate element: {"method":"xpath","selector":"//li[@class='disabled first']/span"}
Command duration or timeout: 28 milliseconds
For documentation on this error, please visit: http://seleniumhq.org/exceptions/no_such_element.html
Build info: version: '2.48.2', revision: '41bccdd', time: '2015-10-09 19:59:12'
System info: host: 'autobox-VirtualBox', ip: '127.0.1.1', os.name: 'Linux', os.arch: 'amd64', os.version: '4.2.0-18-generic', java.version: '1.7.0_85'
*** Element info: {Using=xpath, value=//li[@class='disabled first']/span}
Session ID: d4db6cc4-dd58-4142-a213-02ccb1483c86
Driver info: org.openqa.selenium.firefox.FirefoxDriver
Capabilities [{platform=LINUX, acceptSslCerts=true, javascriptEnabled=true, cssSelectorsEnabled=true, databaseEnabled=true, browserName=firefox, handlesAlerts=true, nativeEvents=false, webStorageEnabled=true, rotatable=false, locationContextEnabled=true, applicationCacheEnabled=true, takesScreenshot=true, version=42.0}]
	at sun.reflect.NativeConstructorAccessorImpl.newInstance0(Native Method)
	at sun.reflect.NativeConstructorAccessorImpl.newInstance(NativeConstructorAccessorImpl.java:57)
	at sun.reflect.DelegatingConstructorAccessorImpl.newInstance(DelegatingConstructorAccessorImpl.java:45)
	at java.lang.reflect.Constructor.newInstance(Constructor.java:526)
	at org.openqa.selenium.remote.ErrorHandler.createThrowable(ErrorHandler.java:206)
	at org.openqa.selenium.remote.ErrorHandler.throwIfResponseFailed(ErrorHandler.java:158)
	at org.openqa.selenium.remote.RemoteWebDriver.execute(RemoteWebDriver.java:647)
	at org.openqa.selenium.remote.RemoteWebDriver.findElement(RemoteWebDriver.java:353)
	at org.openqa.selenium.remote.RemoteWebDriver.findElementByXPath(RemoteWebDriver.java:490)
	at org.openqa.selenium.By$ByXPath.findElement(By.java:361)
	at org.openqa.selenium.remote.RemoteWebDriver.findElement(RemoteWebDriver.java:345)
	at sun.reflect.GeneratedMethodAccessor18.invoke(Unknown Source)
	at sun.reflect.DelegatingMethodAccessorImpl.invoke(DelegatingMethodAccessorImpl.java:43)
	at java.lang.reflect.Method.invoke(Method.java:606)
	at org.openqa.selenium.support.events.EventFiringWebDriver$2.invoke(EventFiringWebDriver.java:102)
	at com.sun.proxy.$Proxy1.findElement(Unknown Source)
	at org.openqa.selenium.support.events.EventFiringWebDriver.findElement(EventFiringWebDriver.java:187)
	at org.openqa.selenium.remote.server.handler.FindElement.call(FindElement.java:48)
	at org.openqa.selenium.remote.server.handler.FindElement.call(FindElement.java:1)
	at java.util.concurrent.FutureTask.run(FutureTask.java:262)
	at org.openqa.selenium.remote.server.DefaultSession$1.run(DefaultSession.java:176)
	at java.util.concurrent.ThreadPoolExecutor.runWorker(ThreadPoolExecutor.java:1145)
	at java.util.concurrent.ThreadPoolExecutor$Worker.run(ThreadPoolExecutor.java:615)
	at java.lang.Thread.run(Thread.java:745)
Caused by: org.openqa.selenium.NoSuchElementException: Unable to locate element: {"method":"xpath","selector":"//li[@class='disabled first']/span"}
For documentation on this error, please visit: http://seleniumhq.org/exceptions/no_such_element.html
Build info: version: '2.48.2', revision: '41bccdd', time: '2015-10-09 19:59:12'
System info: host: 'autobox-VirtualBox', ip: '127.0.1.1', os.name: 'Linux', os.arch: 'amd64', os.version: '4.2.0-18-generic', java.version: '1.7.0_85'
Driver info: driver.version: unknown
	at <anonymous class>.FirefoxDriver.prototype.findElementInternal_(file:///tmp/anonymous5387834551484134445webdriver-profile/extensions/fxdriver@googlecode.com/components/driver-component.js:10659)
	at <anonymous class>.FirefoxDriver.prototype.findElement(file:///tmp/anonymous5387834551484134445webdriver-profile/extensions/fxdriver@googlecode.com/components/driver-component.js:10668)
	at <anonymous class>.DelayedCommand.prototype.executeInternal_/h(file:///tmp/anonymous5387834551484134445webdriver-profile/extensions/fxdriver@googlecode.com/components/command-processor.js:12534)
	at <anonymous class>.DelayedCommand.prototype.executeInternal_(file:///tmp/anonymous5387834551484134445webdriver-profile/extensions/fxdriver@googlecode.com/components/command-processor.js:12539)
	at <anonymous class>.DelayedCommand.prototype.execute/<(file:///tmp/anonymous5387834551484134445webdriver-profile/extensions/fxdriver@googlecode.com/components/command-processor.js:12481)
09:13:05.811 WARN - Exception: Unable to locate element: {"method":"xpath","selector":"//li[@class='disabled first']/span"}
For documentation on this error, please visit: http://seleniumhq.org/exceptions/no_such_element.html
Build info: version: '2.48.2', revision: '41bccdd', time: '2015-10-09 19:59:12'
System info: host: 'autobox-VirtualBox', ip: '127.0.1.1', os.name: 'Linux', os.arch: 'amd64', os.version: '4.2.0-18-generic', java.version: '1.7.0_85'
Driver info: driver.version: unknown
09:13:05.845 INFO - Executing: [find element: By.xpath: //li[@class='next']/a])
09:13:06.342 WARN - Exception thrown
org.openqa.selenium.NoSuchElementException: Unable to locate element: {"method":"xpath","selector":"//li[@class='next']/a"}
Command duration or timeout: 12 milliseconds
For documentation on this error, please visit: http://seleniumhq.org/exceptions/no_such_element.html
Build info: version: '2.48.2', revision: '41bccdd', time: '2015-10-09 19:59:12'
System info: host: 'autobox-VirtualBox', ip: '127.0.1.1', os.name: 'Linux', os.arch: 'amd64', os.version: '4.2.0-18-generic', java.version: '1.7.0_85'
*** Element info: {Using=xpath, value=//li[@class='next']/a}
Session ID: d4db6cc4-dd58-4142-a213-02ccb1483c86
Driver info: org.openqa.selenium.firefox.FirefoxDriver
Capabilities [{platform=LINUX, acceptSslCerts=true, javascriptEnabled=true, cssSelectorsEnabled=true, databaseEnabled=true, browserName=firefox, handlesAlerts=true, nativeEvents=false, webStorageEnabled=true, rotatable=false, locationContextEnabled=true, applicationCacheEnabled=true, takesScreenshot=true, version=42.0}]
	at sun.reflect.NativeConstructorAccessorImpl.newInstance0(Native Method)
	at sun.reflect.NativeConstructorAccessorImpl.newInstance(NativeConstructorAccessorImpl.java:57)
	at sun.reflect.DelegatingConstructorAccessorImpl.newInstance(DelegatingConstructorAccessorImpl.java:45)
	at java.lang.reflect.Constructor.newInstance(Constructor.java:526)
	at org.openqa.selenium.remote.ErrorHandler.createThrowable(ErrorHandler.java:206)
	at org.openqa.selenium.remote.ErrorHandler.throwIfResponseFailed(ErrorHandler.java:158)
	at org.openqa.selenium.remote.RemoteWebDriver.execute(RemoteWebDriver.java:647)
	at org.openqa.selenium.remote.RemoteWebDriver.findElement(RemoteWebDriver.java:353)
	at org.openqa.selenium.remote.RemoteWebDriver.findElementByXPath(RemoteWebDriver.java:490)
	at org.openqa.selenium.By$ByXPath.findElement(By.java:361)
	at org.openqa.selenium.remote.RemoteWebDriver.findElement(RemoteWebDriver.java:345)
	at sun.reflect.GeneratedMethodAccessor18.invoke(Unknown Source)
	at sun.reflect.DelegatingMethodAccessorImpl.invoke(DelegatingMethodAccessorImpl.java:43)
	at java.lang.reflect.Method.invoke(Method.java:606)
	at org.openqa.selenium.support.events.EventFiringWebDriver$2.invoke(EventFiringWebDriver.java:102)
	at com.sun.proxy.$Proxy1.findElement(Unknown Source)
	at org.openqa.selenium.support.events.EventFiringWebDriver.findElement(EventFiringWebDriver.java:187)
	at org.openqa.selenium.remote.server.handler.FindElement.call(FindElement.java:48)
	at org.openqa.selenium.remote.server.handler.FindElement.call(FindElement.java:1)
	at java.util.concurrent.FutureTask.run(FutureTask.java:262)
	at org.openqa.selenium.remote.server.DefaultSession$1.run(DefaultSession.java:176)
	at java.util.concurrent.ThreadPoolExecutor.runWorker(ThreadPoolExecutor.java:1145)
	at java.util.concurrent.ThreadPoolExecutor$Worker.run(ThreadPoolExecutor.java:615)
	at java.lang.Thread.run(Thread.java:745)
Caused by: org.openqa.selenium.NoSuchElementException: Unable to locate element: {"method":"xpath","selector":"//li[@class='next']/a"}
For documentation on this error, please visit: http://seleniumhq.org/exceptions/no_such_element.html
Build info: version: '2.48.2', revision: '41bccdd', time: '2015-10-09 19:59:12'
System info: host: 'autobox-VirtualBox', ip: '127.0.1.1', os.name: 'Linux', os.arch: 'amd64', os.version: '4.2.0-18-generic', java.version: '1.7.0_85'
Driver info: driver.version: unknown
	at <anonymous class>.FirefoxDriver.prototype.findElementInternal_(file:///tmp/anonymous5387834551484134445webdriver-profile/extensions/fxdriver@googlecode.com/components/driver-component.js:10659)
	at <anonymous class>.FirefoxDriver.prototype.findElement(file:///tmp/anonymous5387834551484134445webdriver-profile/extensions/fxdriver@googlecode.com/components/driver-component.js:10668)
	at <anonymous class>.DelayedCommand.prototype.executeInternal_/h(file:///tmp/anonymous5387834551484134445webdriver-profile/extensions/fxdriver@googlecode.com/components/command-processor.js:12534)
	at <anonymous class>.DelayedCommand.prototype.executeInternal_(file:///tmp/anonymous5387834551484134445webdriver-profile/extensions/fxdriver@googlecode.com/components/command-processor.js:12539)
	at <anonymous class>.DelayedCommand.prototype.execute/<(file:///tmp/anonymous5387834551484134445webdriver-profile/extensions/fxdriver@googlecode.com/components/command-processor.js:12481)
09:13:06.344 WARN - Exception: Unable to locate element: {"method":"xpath","selector":"//li[@class='next']/a"}
For documentation on this error, please visit: http://seleniumhq.org/exceptions/no_such_element.html
Build info: version: '2.48.2', revision: '41bccdd', time: '2015-10-09 19:59:12'
System info: host: 'autobox-VirtualBox', ip: '127.0.1.1', os.name: 'Linux', os.arch: 'amd64', os.version: '4.2.0-18-generic', java.version: '1.7.0_85'
Driver info: driver.version: unknown
09:13:07.387 INFO - Executing: [find elements: By.xpath: //body])
09:13:07.408 INFO - Done: [find elements: By.xpath: //body]
09:13:07.411 INFO - Executing: [is displayed: 0 [[FirefoxDriver: firefox on LINUX (d4db6cc4-dd58-4142-a213-02ccb1483c86)] -> xpath: //body]])
09:13:07.427 INFO - Done: [is displayed: 0 [[FirefoxDriver: firefox on LINUX (d4db6cc4-dd58-4142-a213-02ccb1483c86)] -> xpath: //body]]
09:13:07.432 INFO - Executing: [find element: By.xpath: //li[@class='disabled']])
09:13:07.667 WARN - Exception thrown
org.openqa.selenium.NoSuchElementException: Unable to locate element: {"method":"xpath","selector":"//li[@class='disabled']"}
Command duration or timeout: 12 milliseconds
For documentation on this error, please visit: http://seleniumhq.org/exceptions/no_such_element.html
Build info: version: '2.48.2', revision: '41bccdd', time: '2015-10-09 19:59:12'
System info: host: 'autobox-VirtualBox', ip: '127.0.1.1', os.name: 'Linux', os.arch: 'amd64', os.version: '4.2.0-18-generic', java.version: '1.7.0_85'
*** Element info: {Using=xpath, value=//li[@class='disabled']}
Session ID: d4db6cc4-dd58-4142-a213-02ccb1483c86
Driver info: org.openqa.selenium.firefox.FirefoxDriver
Capabilities [{platform=LINUX, acceptSslCerts=true, javascriptEnabled=true, cssSelectorsEnabled=true, databaseEnabled=true, browserName=firefox, handlesAlerts=true, nativeEvents=false, webStorageEnabled=true, rotatable=false, locationContextEnabled=true, applicationCacheEnabled=true, takesScreenshot=true, version=42.0}]
	at sun.reflect.NativeConstructorAccessorImpl.newInstance0(Native Method)
	at sun.reflect.NativeConstructorAccessorImpl.newInstance(NativeConstructorAccessorImpl.java:57)
	at sun.reflect.DelegatingConstructorAccessorImpl.newInstance(DelegatingConstructorAccessorImpl.java:45)
	at java.lang.reflect.Constructor.newInstance(Constructor.java:526)
	at org.openqa.selenium.remote.ErrorHandler.createThrowable(ErrorHandler.java:206)
	at org.openqa.selenium.remote.ErrorHandler.throwIfResponseFailed(ErrorHandler.java:158)
	at org.openqa.selenium.remote.RemoteWebDriver.execute(RemoteWebDriver.java:647)
	at org.openqa.selenium.remote.RemoteWebDriver.findElement(RemoteWebDriver.java:353)
	at org.openqa.selenium.remote.RemoteWebDriver.findElementByXPath(RemoteWebDriver.java:490)
	at org.openqa.selenium.By$ByXPath.findElement(By.java:361)
	at org.openqa.selenium.remote.RemoteWebDriver.findElement(RemoteWebDriver.java:345)
	at sun.reflect.GeneratedMethodAccessor18.invoke(Unknown Source)
	at sun.reflect.DelegatingMethodAccessorImpl.invoke(DelegatingMethodAccessorImpl.java:43)
	at java.lang.reflect.Method.invoke(Method.java:606)
	at org.openqa.selenium.support.events.EventFiringWebDriver$2.invoke(EventFiringWebDriver.java:102)
	at com.sun.proxy.$Proxy1.findElement(Unknown Source)
	at org.openqa.selenium.support.events.EventFiringWebDriver.findElement(EventFiringWebDriver.java:187)
	at org.openqa.selenium.remote.server.handler.FindElement.call(FindElement.java:48)
	at org.openqa.selenium.remote.server.handler.FindElement.call(FindElement.java:1)
	at java.util.concurrent.FutureTask.run(FutureTask.java:262)
	at org.openqa.selenium.remote.server.DefaultSession$1.run(DefaultSession.java:176)
	at java.util.concurrent.ThreadPoolExecutor.runWorker(ThreadPoolExecutor.java:1145)
	at java.util.concurrent.ThreadPoolExecutor$Worker.run(ThreadPoolExecutor.java:615)
	at java.lang.Thread.run(Thread.java:745)
Caused by: org.openqa.selenium.NoSuchElementException: Unable to locate element: {"method":"xpath","selector":"//li[@class='disabled']"}
For documentation on this error, please visit: http://seleniumhq.org/exceptions/no_such_element.html
Build info: version: '2.48.2', revision: '41bccdd', time: '2015-10-09 19:59:12'
System info: host: 'autobox-VirtualBox', ip: '127.0.1.1', os.name: 'Linux', os.arch: 'amd64', os.version: '4.2.0-18-generic', java.version: '1.7.0_85'
Driver info: driver.version: unknown
	at <anonymous class>.FirefoxDriver.prototype.findElementInternal_(file:///tmp/anonymous5387834551484134445webdriver-profile/extensions/fxdriver@googlecode.com/components/driver-component.js:10659)
	at <anonymous class>.FirefoxDriver.prototype.findElement(file:///tmp/anonymous5387834551484134445webdriver-profile/extensions/fxdriver@googlecode.com/components/driver-component.js:10668)
	at <anonymous class>.DelayedCommand.prototype.executeInternal_/h(file:///tmp/anonymous5387834551484134445webdriver-profile/extensions/fxdriver@googlecode.com/components/command-processor.js:12534)
	at <anonymous class>.DelayedCommand.prototype.executeInternal_(file:///tmp/anonymous5387834551484134445webdriver-profile/extensions/fxdriver@googlecode.com/components/command-processor.js:12539)
	at <anonymous class>.DelayedCommand.prototype.execute/<(file:///tmp/anonymous5387834551484134445webdriver-profile/extensions/fxdriver@googlecode.com/components/command-processor.js:12481)
09:13:07.668 WARN - Exception: Unable to locate element: {"method":"xpath","selector":"//li[@class='disabled']"}
For documentation on this error, please visit: http://seleniumhq.org/exceptions/no_such_element.html
Build info: version: '2.48.2', revision: '41bccdd', time: '2015-10-09 19:59:12'
System info: host: 'autobox-VirtualBox', ip: '127.0.1.1', os.name: 'Linux', os.arch: 'amd64', os.version: '4.2.0-18-generic', java.version: '1.7.0_85'
Driver info: driver.version: unknown
09:13:07.697 INFO - Executing: [delete session: 94234de7-43d0-486b-af10-568a250f296e])
09:13:07.764 INFO - Done: [delete session: 94234de7-43d0-486b-af10-568a250f296e]
09:13:07.877 INFO - Executing: [new session: Capabilities [{platform=ANY, acceptSslCerts=true, javascriptEnabled=true, browserName=firefox, name=Functional / Validate No Report}]])
09:13:07.880 INFO - Creating a new session for Capabilities [{platform=ANY, acceptSslCerts=true, javascriptEnabled=true, browserName=firefox, name=Functional / Validate No Report}]
09:13:10.156 INFO - Done: [new session: Capabilities [{platform=ANY, acceptSslCerts=true, javascriptEnabled=true, browserName=firefox, name=Functional / Validate No Report}]]
09:13:10.159 INFO - Executing: [get: https://validator.w3.org/])
09:13:10.316 INFO - Done: [get: https://validator.w3.org/]
09:13:10.320 INFO - Executing: [find elements: By.xpath: //body])
09:13:11.426 INFO - Done: [find elements: By.xpath: //body]
09:13:11.429 INFO - Executing: [is displayed: 0 [[FirefoxDriver: firefox on LINUX (9f11226f-7af5-4e8b-a5b4-d416e7fd4923)] -> xpath: //body]])
09:13:11.442 INFO - Done: [is displayed: 0 [[FirefoxDriver: firefox on LINUX (9f11226f-7af5-4e8b-a5b4-d416e7fd4923)] -> xpath: //body]]
09:13:11.445 INFO - Executing: [find element: By.xpath: //input[@type='text']])
09:13:11.475 INFO - Done: [find element: By.xpath: //input[@type='text']]
09:13:11.479 INFO - Executing: [send keys: 1 [[FirefoxDriver: firefox on LINUX (9f11226f-7af5-4e8b-a5b4-d416e7fd4923)] -> xpath: //input[@type='text']], [h, t, t, p, s, :, /, /, a, o, d, a, ., w, e, b, ., u, o, g, u, e, l, p, h, ., c, a, /, a, o, d, a, d, e, m, o, /, l, i, s, t, i, n, g, -, p, a, g, e, -, p, e, o, p, l, e, -, p, r, o, f, i, l, e, s]])
09:13:11.737 INFO - Done: [send keys: 1 [[FirefoxDriver: firefox on LINUX (9f11226f-7af5-4e8b-a5b4-d416e7fd4923)] -> xpath: //input[@type='text']], [h, t, t, p, s, :, /, /, a, o, d, a, ., w, e, b, ., u, o, g, u, e, l, p, h, ., c, a, /, a, o, d, a, d, e, m, o, /, l, i, s, t, i, n, g, -, p, a, g, e, -, p, e, o, p, l, e, -, p, r, o, f, i, l, e, s]]
09:13:11.743 INFO - Executing: [find elements: By.xpath: //a[@class='submit']])
09:13:11.774 INFO - Done: [find elements: By.xpath: //a[@class='submit']]
09:13:11.777 INFO - Executing: [is displayed: 2 [[FirefoxDriver: firefox on LINUX (9f11226f-7af5-4e8b-a5b4-d416e7fd4923)] -> xpath: //a[@class='submit']]])
09:13:11.901 INFO - Done: [is displayed: 2 [[FirefoxDriver: firefox on LINUX (9f11226f-7af5-4e8b-a5b4-d416e7fd4923)] -> xpath: //a[@class='submit']]]
09:13:11.906 INFO - Executing: [find element: By.xpath: //a[@class='submit']])
09:13:11.932 INFO - Done: [find element: By.xpath: //a[@class='submit']]
09:13:11.936 INFO - Executing: [click: 2 [[FirefoxDriver: firefox on LINUX (9f11226f-7af5-4e8b-a5b4-d416e7fd4923)] -> xpath: //a[@class='submit']]])
09:13:12.078 INFO - Done: [click: 2 [[FirefoxDriver: firefox on LINUX (9f11226f-7af5-4e8b-a5b4-d416e7fd4923)] -> xpath: //a[@class='submit']]]
09:13:13.083 INFO - Executing: [find elements: By.xpath: //body])
09:13:13.234 INFO - Done: [find elements: By.xpath: //body]
09:13:13.237 INFO - Executing: [is displayed: 5 [[FirefoxDriver: firefox on LINUX (9f11226f-7af5-4e8b-a5b4-d416e7fd4923)] -> xpath: //body]])
09:13:13.251 INFO - Done: [is displayed: 5 [[FirefoxDriver: firefox on LINUX (9f11226f-7af5-4e8b-a5b4-d416e7fd4923)] -> xpath: //body]]
09:13:13.256 INFO - Executing: [find elements: By.xpath: //ol[@id='fatal-errors']])
09:13:13.271 INFO - Done: [find elements: By.xpath: //ol[@id='fatal-errors']]
09:13:13.777 INFO - Executing: [find elements: By.xpath: //ol[@id='fatal-errors']])
09:13:13.798 INFO - Done: [find elements: By.xpath: //ol[@id='fatal-errors']]
09:13:14.304 INFO - Executing: [find elements: By.xpath: //ol[@id='fatal-errors']])
09:13:14.321 INFO - Done: [find elements: By.xpath: //ol[@id='fatal-errors']]
09:13:14.329 INFO - Executing: [delete session: 0586719a-3f19-4bec-8505-20b57f206a91])
09:13:14.397 INFO - Done: [delete session: 0586719a-3f19-4bec-8505-20b57f206a91]
09:13:14.515 INFO - Executing: [new session: Capabilities [{platform=ANY, acceptSslCerts=true, javascriptEnabled=true, browserName=firefox, name=Functional / Validate}]])
09:13:14.519 INFO - Creating a new session for Capabilities [{platform=ANY, acceptSslCerts=true, javascriptEnabled=true, browserName=firefox, name=Functional / Validate}]
09:13:16.774 INFO - Done: [new session: Capabilities [{platform=ANY, acceptSslCerts=true, javascriptEnabled=true, browserName=firefox, name=Functional / Validate}]]
09:13:16.777 INFO - Executing: [get: https://validator.w3.org/])
09:13:16.911 INFO - Done: [get: https://validator.w3.org/]
09:13:16.915 INFO - Executing: [find elements: By.xpath: //body])
09:13:18.030 INFO - Done: [find elements: By.xpath: //body]
09:13:18.032 INFO - Executing: [is displayed: 0 [[FirefoxDriver: firefox on LINUX (6b2af00c-19f1-4211-86b3-3cdc160db680)] -> xpath: //body]])
09:13:18.049 INFO - Done: [is displayed: 0 [[FirefoxDriver: firefox on LINUX (6b2af00c-19f1-4211-86b3-3cdc160db680)] -> xpath: //body]]
09:13:18.060 INFO - Executing: [find element: By.xpath: //input[@type='text']])
09:13:18.094 INFO - Done: [find element: By.xpath: //input[@type='text']]
09:13:18.098 INFO - Executing: [send keys: 1 [[FirefoxDriver: firefox on LINUX (6b2af00c-19f1-4211-86b3-3cdc160db680)] -> xpath: //input[@type='text']], [h, t, t, p, s, :, /, /, a, o, d, a, ., w, e, b, ., u, o, g, u, e, l, p, h, ., c, a, /, a, o, d, a, d, e, m, o, /, l, i, s, t, i, n, g, -, p, a, g, e, -, p, e, o, p, l, e, -, p, r, o, f, i, l, e, s]])
09:13:18.386 INFO - Done: [send keys: 1 [[FirefoxDriver: firefox on LINUX (6b2af00c-19f1-4211-86b3-3cdc160db680)] -> xpath: //input[@type='text']], [h, t, t, p, s, :, /, /, a, o, d, a, ., w, e, b, ., u, o, g, u, e, l, p, h, ., c, a, /, a, o, d, a, d, e, m, o, /, l, i, s, t, i, n, g, -, p, a, g, e, -, p, e, o, p, l, e, -, p, r, o, f, i, l, e, s]]
09:13:18.390 INFO - Executing: [find elements: By.xpath: //a[@class='submit']])
09:13:18.520 INFO - Done: [find elements: By.xpath: //a[@class='submit']]
09:13:18.523 INFO - Executing: [is displayed: 2 [[FirefoxDriver: firefox on LINUX (6b2af00c-19f1-4211-86b3-3cdc160db680)] -> xpath: //a[@class='submit']]])
09:13:18.556 INFO - Done: [is displayed: 2 [[FirefoxDriver: firefox on LINUX (6b2af00c-19f1-4211-86b3-3cdc160db680)] -> xpath: //a[@class='submit']]]
09:13:18.559 INFO - Executing: [find element: By.xpath: //a[@class='submit']])
09:13:18.607 INFO - Done: [find element: By.xpath: //a[@class='submit']]
09:13:18.609 INFO - Executing: [click: 2 [[FirefoxDriver: firefox on LINUX (6b2af00c-19f1-4211-86b3-3cdc160db680)] -> xpath: //a[@class='submit']]])
09:13:18.885 INFO - Done: [click: 2 [[FirefoxDriver: firefox on LINUX (6b2af00c-19f1-4211-86b3-3cdc160db680)] -> xpath: //a[@class='submit']]]
09:13:19.890 INFO - Executing: [find elements: By.xpath: //body])
09:13:19.914 INFO - Done: [find elements: By.xpath: //body]
09:13:19.916 INFO - Executing: [is displayed: 5 [[FirefoxDriver: firefox on LINUX (6b2af00c-19f1-4211-86b3-3cdc160db680)] -> xpath: //body]])
09:13:19.928 INFO - Done: [is displayed: 5 [[FirefoxDriver: firefox on LINUX (6b2af00c-19f1-4211-86b3-3cdc160db680)] -> xpath: //body]]
09:13:19.933 INFO - Executing: [find elements: By.xpath: //ol[@id='fatal-errors']])
09:13:19.948 INFO - Done: [find elements: By.xpath: //ol[@id='fatal-errors']]
09:13:20.454 INFO - Executing: [find elements: By.xpath: //ol[@id='fatal-errors']])
09:13:20.475 INFO - Done: [find elements: By.xpath: //ol[@id='fatal-errors']]
09:13:20.982 INFO - Executing: [find elements: By.xpath: //ol[@id='fatal-errors']])
09:13:20.998 INFO - Done: [find elements: By.xpath: //ol[@id='fatal-errors']]
09:13:21.005 INFO - Executing: [delete session: f58b19ec-8828-409a-9e1c-71350423e1bb])
09:13:21.081 INFO - Done: [delete session: f58b19ec-8828-409a-9e1c-71350423e1bb]
